Determining if the pthread_create exist failed with the following output:
Change Dir: /home/kevin/catkin_ws/build/ros_essentials_cpp/CMakeFiles/CMakeTmp

Run Build Command:"/usr/bin/make" "cmTC_ce1df/fast"
/usr/bin/make -f CMakeFiles/cmTC_ce1df.dir/build.make CMakeFiles/cmTC_ce1df.dir/build
make[1]: se entra en el directorio '/home/kevin/catkin_ws/build/ros_essentials_cpp/CMakeFiles/CMakeTmp'
Building C object CMakeFiles/cmTC_ce1df.dir/CheckSymbolExists.c.o
/usr/bin/cc     -o CMakeFiles/cmTC_ce1df.dir/CheckSymbolExists.c.o   -c /home/kevin/catkin_ws/build/ros_essentials_cpp/CMakeFiles/CMakeTmp/CheckSymbolExists.c
Linking C executable cmTC_ce1df
/usr/bin/cmake -E cmake_link_script CMakeFiles/cmTC_ce1df.dir/link.txt --verbose=1
/usr/bin/cc       CMakeFiles/cmTC_ce1df.dir/CheckSymbolExists.c.o  -o cmTC_ce1df -rdynamic 
CMakeFiles/cmTC_ce1df.dir/CheckSymbolExists.c.o: En la función `main':
CheckSymbolExists.c:(.text+0x16): referencia a `pthread_create' sin definir
collect2: error: ld returned 1 exit status
CMakeFiles/cmTC_ce1df.dir/build.make:97: fallo en las instrucciones para el objetivo 'cmTC_ce1df'
make[1]: *** [cmTC_ce1df] Error 1
make[1]: se sale del directorio '/home/kevin/catkin_ws/build/ros_essentials_cpp/CMakeFiles/CMakeTmp'
Makefile:126: fallo en las instrucciones para el objetivo 'cmTC_ce1df/fast'
make: *** [cmTC_ce1df/fast] Error 2

File /home/kevin/catkin_ws/build/ros_essentials_cpp/CMakeFiles/CMakeTmp/CheckSymbolExists.c:
/* */
#include <pthread.h>

int main(int argc, char** argv)
{
  (void)argv;
#ifndef pthread_create
  return ((int*)(&pthread_create))[argc];
#else
  (void)argc;
  return 0;
#endif
}

Determining if the function pthread_create exists in the pthreads failed with the following output:
Change Dir: /home/kevin/catkin_ws/build/ros_essentials_cpp/CMakeFiles/CMakeTmp

Run Build Command:"/usr/bin/make" "cmTC_ba15f/fast"
/usr/bin/make -f CMakeFiles/cmTC_ba15f.dir/build.make CMakeFiles/cmTC_ba15f.dir/build
make[1]: se entra en el directorio '/home/kevin/catkin_ws/build/ros_essentials_cpp/CMakeFiles/CMakeTmp'
Building C object CMakeFiles/cmTC_ba15f.dir/CheckFunctionExists.c.o
/usr/bin/cc    -DCHECK_FUNCTION_EXISTS=pthread_create   -o CMakeFiles/cmTC_ba15f.dir/CheckFunctionExists.c.o   -c /usr/share/cmake-3.5/Modules/CheckFunctionExists.c
Linking C executable cmTC_ba15f
/usr/bin/cmake -E cmake_link_script CMakeFiles/cmTC_ba15f.dir/link.txt --verbose=1
/usr/bin/cc   -DCHECK_FUNCTION_EXISTS=pthread_create    CMakeFiles/cmTC_ba15f.dir/CheckFunctionExists.c.o  -o cmTC_ba15f -rdynamic -lpthreads 
/usr/bin/ld: no se puede encontrar -lpthreads
collect2: error: ld returned 1 exit status
CMakeFiles/cmTC_ba15f.dir/build.make:97: fallo en las instrucciones para el objetivo 'cmTC_ba15f'
make[1]: *** [cmTC_ba15f] Error 1
make[1]: se sale del directorio '/home/kevin/catkin_ws/build/ros_essentials_cpp/CMakeFiles/CMakeTmp'
Makefile:126: fallo en las instrucciones para el objetivo 'cmTC_ba15f/fast'
make: *** [cmTC_ba15f/fast] Error 2


