Determining if the pthread_create exist failed with the following output:
Change Dir: /home/kevin/catkin_ws/build/i2cpwm_board/CMakeFiles/CMakeTmp

Run Build Command:"/usr/bin/make" "cmTC_a5b38/fast"
/usr/bin/make -f CMakeFiles/cmTC_a5b38.dir/build.make CMakeFiles/cmTC_a5b38.dir/build
make[1]: se entra en el directorio '/home/kevin/catkin_ws/build/i2cpwm_board/CMakeFiles/CMakeTmp'
Building C object CMakeFiles/cmTC_a5b38.dir/CheckSymbolExists.c.o
/usr/bin/cc     -o CMakeFiles/cmTC_a5b38.dir/CheckSymbolExists.c.o   -c /home/kevin/catkin_ws/build/i2cpwm_board/CMakeFiles/CMakeTmp/CheckSymbolExists.c
Linking C executable cmTC_a5b38
/usr/bin/cmake -E cmake_link_script CMakeFiles/cmTC_a5b38.dir/link.txt --verbose=1
/usr/bin/cc       CMakeFiles/cmTC_a5b38.dir/CheckSymbolExists.c.o  -o cmTC_a5b38 -rdynamic 
CMakeFiles/cmTC_a5b38.dir/CheckSymbolExists.c.o: En la función `main':
CheckSymbolExists.c:(.text+0x16): referencia a `pthread_create' sin definir
collect2: error: ld returned 1 exit status
CMakeFiles/cmTC_a5b38.dir/build.make:97: fallo en las instrucciones para el objetivo 'cmTC_a5b38'
make[1]: *** [cmTC_a5b38] Error 1
make[1]: se sale del directorio '/home/kevin/catkin_ws/build/i2cpwm_board/CMakeFiles/CMakeTmp'
Makefile:126: fallo en las instrucciones para el objetivo 'cmTC_a5b38/fast'
make: *** [cmTC_a5b38/fast] Error 2

File /home/kevin/catkin_ws/build/i2cpwm_board/CMakeFiles/CMakeTmp/CheckSymbolExists.c:
/* */
#include <pthread.h>

int main(int argc, char** argv)
{
  (void)argv;
#ifndef pthread_create
  return ((int*)(&pthread_create))[argc];
#else
  (void)argc;
  return 0;
#endif
}

Determining if the function pthread_create exists in the pthreads failed with the following output:
Change Dir: /home/kevin/catkin_ws/build/i2cpwm_board/CMakeFiles/CMakeTmp

Run Build Command:"/usr/bin/make" "cmTC_dd826/fast"
/usr/bin/make -f CMakeFiles/cmTC_dd826.dir/build.make CMakeFiles/cmTC_dd826.dir/build
make[1]: se entra en el directorio '/home/kevin/catkin_ws/build/i2cpwm_board/CMakeFiles/CMakeTmp'
Building C object CMakeFiles/cmTC_dd826.dir/CheckFunctionExists.c.o
/usr/bin/cc    -DCHECK_FUNCTION_EXISTS=pthread_create   -o CMakeFiles/cmTC_dd826.dir/CheckFunctionExists.c.o   -c /usr/share/cmake-3.5/Modules/CheckFunctionExists.c
Linking C executable cmTC_dd826
/usr/bin/cmake -E cmake_link_script CMakeFiles/cmTC_dd826.dir/link.txt --verbose=1
/usr/bin/cc   -DCHECK_FUNCTION_EXISTS=pthread_create    CMakeFiles/cmTC_dd826.dir/CheckFunctionExists.c.o  -o cmTC_dd826 -rdynamic -lpthreads 
/usr/bin/ld: no se puede encontrar -lpthreads
collect2: error: ld returned 1 exit status
CMakeFiles/cmTC_dd826.dir/build.make:97: fallo en las instrucciones para el objetivo 'cmTC_dd826'
make[1]: *** [cmTC_dd826] Error 1
make[1]: se sale del directorio '/home/kevin/catkin_ws/build/i2cpwm_board/CMakeFiles/CMakeTmp'
Makefile:126: fallo en las instrucciones para el objetivo 'cmTC_dd826/fast'
make: *** [cmTC_dd826/fast] Error 2


