Linked: (/home/kevin/catkin_ws/devel/.private/trabajo/share/gennodejs/ros/trabajo/_index.js, /home/kevin/catkin_ws/devel/share/gennodejs/ros/trabajo/_index.js)
Linked: (/home/kevin/catkin_ws/devel/.private/trabajo/share/gennodejs/ros/trabajo/msg/inf_personal_usuario.js, /home/kevin/catkin_ws/devel/share/gennodejs/ros/trabajo/msg/inf_personal_usuario.js)
Linked: (/home/kevin/catkin_ws/devel/.private/trabajo/share/gennodejs/ros/trabajo/msg/_index.js, /home/kevin/catkin_ws/devel/share/gennodejs/ros/trabajo/msg/_index.js)
Linked: (/home/kevin/catkin_ws/devel/.private/trabajo/share/gennodejs/ros/trabajo/msg/usuario.js, /home/kevin/catkin_ws/devel/share/gennodejs/ros/trabajo/msg/usuario.js)
Linked: (/home/kevin/catkin_ws/devel/.private/trabajo/share/gennodejs/ros/trabajo/msg/pos_usuario.js, /home/kevin/catkin_ws/devel/share/gennodejs/ros/trabajo/msg/pos_usuario.js)
Linked: (/home/kevin/catkin_ws/devel/.private/trabajo/share/gennodejs/ros/trabajo/srv/_index.js, /home/kevin/catkin_ws/devel/share/gennodejs/ros/trabajo/srv/_index.js)
Linked: (/home/kevin/catkin_ws/devel/.private/trabajo/share/gennodejs/ros/trabajo/srv/multiplicador.js, /home/kevin/catkin_ws/devel/share/gennodejs/ros/trabajo/srv/multiplicador.js)
Linked: (/home/kevin/catkin_ws/devel/.private/trabajo/share/common-lisp/ros/trabajo/msg/pos_usuario.lisp, /home/kevin/catkin_ws/devel/share/common-lisp/ros/trabajo/msg/pos_usuario.lisp)
Linked: (/home/kevin/catkin_ws/devel/.private/trabajo/share/common-lisp/ros/trabajo/msg/_package_usuario.lisp, /home/kevin/catkin_ws/devel/share/common-lisp/ros/trabajo/msg/_package_usuario.lisp)
Linked: (/home/kevin/catkin_ws/devel/.private/trabajo/share/common-lisp/ros/trabajo/msg/_package.lisp, /home/kevin/catkin_ws/devel/share/common-lisp/ros/trabajo/msg/_package.lisp)
Linked: (/home/kevin/catkin_ws/devel/.private/trabajo/share/common-lisp/ros/trabajo/msg/inf_personal_usuario.lisp, /home/kevin/catkin_ws/devel/share/common-lisp/ros/trabajo/msg/inf_personal_usuario.lisp)
Linked: (/home/kevin/catkin_ws/devel/.private/trabajo/share/common-lisp/ros/trabajo/msg/usuario.lisp, /home/kevin/catkin_ws/devel/share/common-lisp/ros/trabajo/msg/usuario.lisp)
Linked: (/home/kevin/catkin_ws/devel/.private/trabajo/share/common-lisp/ros/trabajo/msg/_package_pos_usuario.lisp, /home/kevin/catkin_ws/devel/share/common-lisp/ros/trabajo/msg/_package_pos_usuario.lisp)
Linked: (/home/kevin/catkin_ws/devel/.private/trabajo/share/common-lisp/ros/trabajo/msg/_package_inf_personal_usuario.lisp, /home/kevin/catkin_ws/devel/share/common-lisp/ros/trabajo/msg/_package_inf_personal_usuario.lisp)
Linked: (/home/kevin/catkin_ws/devel/.private/trabajo/share/common-lisp/ros/trabajo/msg/trabajo-msg.asd, /home/kevin/catkin_ws/devel/share/common-lisp/ros/trabajo/msg/trabajo-msg.asd)
Linked: (/home/kevin/catkin_ws/devel/.private/trabajo/share/common-lisp/ros/trabajo/srv/_package_multiplicador.lisp, /home/kevin/catkin_ws/devel/share/common-lisp/ros/trabajo/srv/_package_multiplicador.lisp)
Linked: (/home/kevin/catkin_ws/devel/.private/trabajo/share/common-lisp/ros/trabajo/srv/_package.lisp, /home/kevin/catkin_ws/devel/share/common-lisp/ros/trabajo/srv/_package.lisp)
Linked: (/home/kevin/catkin_ws/devel/.private/trabajo/share/common-lisp/ros/trabajo/srv/multiplicador.lisp, /home/kevin/catkin_ws/devel/share/common-lisp/ros/trabajo/srv/multiplicador.lisp)
Linked: (/home/kevin/catkin_ws/devel/.private/trabajo/share/common-lisp/ros/trabajo/srv/trabajo-srv.asd, /home/kevin/catkin_ws/devel/share/common-lisp/ros/trabajo/srv/trabajo-srv.asd)
Linked: (/home/kevin/catkin_ws/devel/.private/trabajo/share/trabajo/cmake/trabajo-msg-paths.cmake, /home/kevin/catkin_ws/devel/share/trabajo/cmake/trabajo-msg-paths.cmake)
Linked: (/home/kevin/catkin_ws/devel/.private/trabajo/share/roseus/ros/trabajo/manifest.l, /home/kevin/catkin_ws/devel/share/roseus/ros/trabajo/manifest.l)
Linked: (/home/kevin/catkin_ws/devel/.private/trabajo/share/roseus/ros/trabajo/msg/inf_personal_usuario.l, /home/kevin/catkin_ws/devel/share/roseus/ros/trabajo/msg/inf_personal_usuario.l)
Linked: (/home/kevin/catkin_ws/devel/.private/trabajo/share/roseus/ros/trabajo/msg/usuario.l, /home/kevin/catkin_ws/devel/share/roseus/ros/trabajo/msg/usuario.l)
Linked: (/home/kevin/catkin_ws/devel/.private/trabajo/share/roseus/ros/trabajo/msg/pos_usuario.l, /home/kevin/catkin_ws/devel/share/roseus/ros/trabajo/msg/pos_usuario.l)
Linked: (/home/kevin/catkin_ws/devel/.private/trabajo/share/roseus/ros/trabajo/srv/multiplicador.l, /home/kevin/catkin_ws/devel/share/roseus/ros/trabajo/srv/multiplicador.l)
Linked: (/home/kevin/catkin_ws/devel/.private/trabajo/lib/trabajo/nodo_pos_usuario, /home/kevin/catkin_ws/devel/lib/trabajo/nodo_pos_usuario)
Linked: (/home/kevin/catkin_ws/devel/.private/trabajo/lib/trabajo/nodo_informacion_personal, /home/kevin/catkin_ws/devel/lib/trabajo/nodo_informacion_personal)
Linked: (/home/kevin/catkin_ws/devel/.private/trabajo/lib/trabajo/nodo_posicion_usuario, /home/kevin/catkin_ws/devel/lib/trabajo/nodo_posicion_usuario)
Linked: (/home/kevin/catkin_ws/devel/.private/trabajo/lib/trabajo/nodo_emocion_usuario, /home/kevin/catkin_ws/devel/lib/trabajo/nodo_emocion_usuario)
Linked: (/home/kevin/catkin_ws/devel/.private/trabajo/lib/python2.7/dist-packages/trabajo/__init__.py, /home/kevin/catkin_ws/devel/lib/python2.7/dist-packages/trabajo/__init__.py)
Linked: (/home/kevin/catkin_ws/devel/.private/trabajo/lib/python2.7/dist-packages/trabajo/msg/_usuario.py, /home/kevin/catkin_ws/devel/lib/python2.7/dist-packages/trabajo/msg/_usuario.py)
Linked: (/home/kevin/catkin_ws/devel/.private/trabajo/lib/python2.7/dist-packages/trabajo/msg/__init__.py, /home/kevin/catkin_ws/devel/lib/python2.7/dist-packages/trabajo/msg/__init__.py)
Linked: (/home/kevin/catkin_ws/devel/.private/trabajo/lib/python2.7/dist-packages/trabajo/msg/_pos_usuario.py, /home/kevin/catkin_ws/devel/lib/python2.7/dist-packages/trabajo/msg/_pos_usuario.py)
Linked: (/home/kevin/catkin_ws/devel/.private/trabajo/lib/python2.7/dist-packages/trabajo/msg/_inf_personal_usuario.py, /home/kevin/catkin_ws/devel/lib/python2.7/dist-packages/trabajo/msg/_inf_personal_usuario.py)
Linked: (/home/kevin/catkin_ws/devel/.private/trabajo/lib/python2.7/dist-packages/trabajo/srv/_multiplicador.py, /home/kevin/catkin_ws/devel/lib/python2.7/dist-packages/trabajo/srv/_multiplicador.py)
Linked: (/home/kevin/catkin_ws/devel/.private/trabajo/lib/python2.7/dist-packages/trabajo/srv/__init__.py, /home/kevin/catkin_ws/devel/lib/python2.7/dist-packages/trabajo/srv/__init__.py)
Linked: (/home/kevin/catkin_ws/devel/.private/trabajo/include/trabajo/pos_usuario.h, /home/kevin/catkin_ws/devel/include/trabajo/pos_usuario.h)
Linked: (/home/kevin/catkin_ws/devel/.private/trabajo/include/trabajo/multiplicador.h, /home/kevin/catkin_ws/devel/include/trabajo/multiplicador.h)
Linked: (/home/kevin/catkin_ws/devel/.private/trabajo/include/trabajo/inf_personal_usuario.h, /home/kevin/catkin_ws/devel/include/trabajo/inf_personal_usuario.h)
Linked: (/home/kevin/catkin_ws/devel/.private/trabajo/include/trabajo/multiplicadorResponse.h, /home/kevin/catkin_ws/devel/include/trabajo/multiplicadorResponse.h)
Linked: (/home/kevin/catkin_ws/devel/.private/trabajo/include/trabajo/usuario.h, /home/kevin/catkin_ws/devel/include/trabajo/usuario.h)
Linked: (/home/kevin/catkin_ws/devel/.private/trabajo/include/trabajo/multiplicadorRequest.h, /home/kevin/catkin_ws/devel/include/trabajo/multiplicadorRequest.h)
