[01m[K/home/kevin/catkin_ws/src/trabajo/src/informacion_personal_nodo.cpp:[m[K In function ‘[01m[Kint main(int, char**)[m[K’:
[01m[K/home/kevin/catkin_ws/src/trabajo/src/informacion_personal_nodo.cpp:46:42:[m[K [01;35m[Kwarning: [m[Kextended initializer lists only available with -std=c++11 or -std=gnu++11
         datos.idiomas = {"en", "es", "it"};
[01;32m[K                                          ^[m[K
[01m[K/home/kevin/catkin_ws/src/trabajo/src/informacion_personal_nodo.cpp:46:23:[m[K [01;35m[Kwarning: [m[Kextended initializer lists only available with -std=c++11 or -std=gnu++11
         datos.idiomas = {"en", "es", "it"};
[01;32m[K                       ^[m[K
[01m[K/home/kevin/catkin_ws/src/trabajo/src/informacion_personal_nodo.cpp:46:23:[m[K [01;31m[Kerror: [m[Kno match for ‘[01m[Koperator=[m[K’ (operand types are ‘[01m[Ktrabajo::inf_personal_usuario_<std::allocator<void> >::_idiomas_type {aka std::vector<std::__cxx11::basic_string<char> >}[m[K’ and ‘[01m[K<brace-enclosed initializer list>[m[K’)
In file included from [01m[K/usr/include/c++/5/vector:69:0[m[K,
                 from [01m[K/usr/include/boost/format.hpp:17[m[K,
                 from [01m[K/usr/include/boost/math/policies/error_handling.hpp:31[m[K,
                 from [01m[K/usr/include/boost/math/special_functions/round.hpp:14[m[K,
                 from [01m[K/opt/ros/kinetic/include/ros/time.h:58[m[K,
                 from [01m[K/opt/ros/kinetic/include/ros/ros.h:38[m[K,
                 from [01m[K/home/kevin/catkin_ws/src/trabajo/src/informacion_personal_nodo.cpp:2[m[K:
[01m[K/usr/include/c++/5/bits/vector.tcc:167:5:[m[K [01;36m[Knote: [m[Kcandidate: std::vector<_Tp, _Alloc>& std::vector<_Tp, _Alloc>::operator=(const std::vector<_Tp, _Alloc>&) [with _Tp = std::__cxx11::basic_string<char>; _Alloc = std::allocator<std::__cxx11::basic_string<char> >]
     vector<_Tp, _Alloc>::
[01;32m[K     ^[m[K
[01m[K/usr/include/c++/5/bits/vector.tcc:167:5:[m[K [01;36m[Knote: [m[K  no known conversion for argument 1 from ‘[01m[K<brace-enclosed initializer list>[m[K’ to ‘[01m[Kconst std::vector<std::__cxx11::basic_string<char> >&[m[K’
make[2]: *** [CMakeFiles/nodo_informacion_personal.dir/src/informacion_personal_nodo.cpp.o] Error 1
make[1]: *** [CMakeFiles/nodo_informacion_personal.dir/all] Error 2
make: *** [all] Error 2
