[  0%] Built target std_msgs_generate_messages_lisp
[  0%] Built target std_msgs_generate_messages_cpp
[  0%] Built target rosgraph_msgs_generate_messages_cpp
[  0%] Built target std_msgs_generate_messages_py
[  0%] Built target roscpp_generate_messages_lisp
[  0%] Built target std_msgs_generate_messages_eus
[  0%] Built target rosgraph_msgs_generate_messages_eus
[  0%] Built target roscpp_generate_messages_py
[  0%] Built target _holamundo_generate_messages_check_deps_IoTSensor
[  0%] Built target std_msgs_generate_messages_nodejs
[  0%] Built target roscpp_generate_messages_cpp
[  0%] Built target roscpp_generate_messages_eus
[  0%] Built target roscpp_generate_messages_nodejs
[  0%] Built target rosgraph_msgs_generate_messages_nodejs
[  0%] Built target rosgraph_msgs_generate_messages_lisp
[ 11%] Built target holamundo_generate_messages_lisp
[ 33%] Built target rosgraph_msgs_generate_messages_py
[ 33%] Built target holamundo_generate_messages_py
[ 44%] Built target holamundo_generate_messages_nodejs
[ 66%] Built target holamundo_generate_messages_eus
[ 77%] Built target holamundo_generate_messages_cpp
[100%] Built target nodo_sub_iot2
[100%] Built target holamundo_generate_messages
