Determining if the pthread_create exist failed with the following output:
Change Dir: /home/kevin/catkin_ws/src/beginner_tutorials-build/CMakeFiles/CMakeTmp

Run Build Command:"/usr/bin/make" "cmTC_ae03b/fast"
/usr/bin/make -f CMakeFiles/cmTC_ae03b.dir/build.make CMakeFiles/cmTC_ae03b.dir/build
make[1]: se entra en el directorio '/home/kevin/catkin_ws/src/beginner_tutorials-build/CMakeFiles/CMakeTmp'
Building C object CMakeFiles/cmTC_ae03b.dir/CheckSymbolExists.c.o
/usr/bin/cc     -o CMakeFiles/cmTC_ae03b.dir/CheckSymbolExists.c.o   -c /home/kevin/catkin_ws/src/beginner_tutorials-build/CMakeFiles/CMakeTmp/CheckSymbolExists.c
Linking C executable cmTC_ae03b
/usr/bin/cmake -E cmake_link_script CMakeFiles/cmTC_ae03b.dir/link.txt --verbose=1
/usr/bin/cc       CMakeFiles/cmTC_ae03b.dir/CheckSymbolExists.c.o  -o cmTC_ae03b -rdynamic 
CMakeFiles/cmTC_ae03b.dir/CheckSymbolExists.c.o: En la función `main':
CheckSymbolExists.c:(.text+0x16): referencia a `pthread_create' sin definir
collect2: error: ld returned 1 exit status
CMakeFiles/cmTC_ae03b.dir/build.make:97: fallo en las instrucciones para el objetivo 'cmTC_ae03b'
make[1]: *** [cmTC_ae03b] Error 1
make[1]: se sale del directorio '/home/kevin/catkin_ws/src/beginner_tutorials-build/CMakeFiles/CMakeTmp'
Makefile:126: fallo en las instrucciones para el objetivo 'cmTC_ae03b/fast'
make: *** [cmTC_ae03b/fast] Error 2

File /home/kevin/catkin_ws/src/beginner_tutorials-build/CMakeFiles/CMakeTmp/CheckSymbolExists.c:
/* */
#include <pthread.h>

int main(int argc, char** argv)
{
  (void)argv;
#ifndef pthread_create
  return ((int*)(&pthread_create))[argc];
#else
  (void)argc;
  return 0;
#endif
}

Determining if the function pthread_create exists in the pthreads failed with the following output:
Change Dir: /home/kevin/catkin_ws/src/beginner_tutorials-build/CMakeFiles/CMakeTmp

Run Build Command:"/usr/bin/make" "cmTC_e0c44/fast"
/usr/bin/make -f CMakeFiles/cmTC_e0c44.dir/build.make CMakeFiles/cmTC_e0c44.dir/build
make[1]: se entra en el directorio '/home/kevin/catkin_ws/src/beginner_tutorials-build/CMakeFiles/CMakeTmp'
Building C object CMakeFiles/cmTC_e0c44.dir/CheckFunctionExists.c.o
/usr/bin/cc    -DCHECK_FUNCTION_EXISTS=pthread_create   -o CMakeFiles/cmTC_e0c44.dir/CheckFunctionExists.c.o   -c /usr/share/cmake-3.5/Modules/CheckFunctionExists.c
Linking C executable cmTC_e0c44
/usr/bin/cmake -E cmake_link_script CMakeFiles/cmTC_e0c44.dir/link.txt --verbose=1
/usr/bin/cc   -DCHECK_FUNCTION_EXISTS=pthread_create    CMakeFiles/cmTC_e0c44.dir/CheckFunctionExists.c.o  -o cmTC_e0c44 -rdynamic -lpthreads 
/usr/bin/ld: no se puede encontrar -lpthreads
collect2: error: ld returned 1 exit status
CMakeFiles/cmTC_e0c44.dir/build.make:97: fallo en las instrucciones para el objetivo 'cmTC_e0c44'
make[1]: *** [cmTC_e0c44] Error 1
make[1]: se sale del directorio '/home/kevin/catkin_ws/src/beginner_tutorials-build/CMakeFiles/CMakeTmp'
Makefile:126: fallo en las instrucciones para el objetivo 'cmTC_e0c44/fast'
make: *** [cmTC_e0c44/fast] Error 2


