[35m[1mScanning dependencies of target std_msgs_generate_messages_eus[0m
[  0%] Built target std_msgs_generate_messages_eus
[35m[1mScanning dependencies of target _practicas_generate_messages_check_deps_tipo_servicio[0m
[35m[1mScanning dependencies of target _practicas_generate_messages_check_deps_mensajeTest[0m
[  0%] Built target _practicas_generate_messages_check_deps_tipo_servicio
[  0%] Built target _practicas_generate_messages_check_deps_mensajeTest
[35m[1mScanning dependencies of target std_msgs_generate_messages_cpp[0m
[  0%] Built target std_msgs_generate_messages_cpp
[35m[1mScanning dependencies of target roscpp_generate_messages_py[0m
[  0%] Built target roscpp_generate_messages_py
[35m[1mScanning dependencies of target rosgraph_msgs_generate_messages_eus[0m
[  0%] Built target rosgraph_msgs_generate_messages_eus
[35m[1mScanning dependencies of target std_msgs_generate_messages_nodejs[0m
[  0%] Built target std_msgs_generate_messages_nodejs
[35m[1mScanning dependencies of target roscpp_generate_messages_eus[0m
[35m[1mScanning dependencies of target roscpp_generate_messages_cpp[0m
[  0%] Built target roscpp_generate_messages_cpp
[  0%] Built target roscpp_generate_messages_eus
[35m[1mScanning dependencies of target std_msgs_generate_messages_lisp[0m
[  0%] Built target std_msgs_generate_messages_lisp
[35m[1mScanning dependencies of target rosgraph_msgs_generate_messages_nodejs[0m
[35m[1mScanning dependencies of target rosgraph_msgs_generate_messages_cpp[0m
[  0%] Built target rosgraph_msgs_generate_messages_nodejs
[  0%] Built target rosgraph_msgs_generate_messages_cpp
[35m[1mScanning dependencies of target roscpp_generate_messages_nodejs[0m
[  0%] Built target roscpp_generate_messages_nodejs
[35m[1mScanning dependencies of target rosgraph_msgs_generate_messages_lisp[0m
[  0%] Built target rosgraph_msgs_generate_messages_lisp
[35m[1mScanning dependencies of target rosgraph_msgs_generate_messages_py[0m
[35m[1mScanning dependencies of target std_msgs_generate_messages_py[0m
[  0%] Built target rosgraph_msgs_generate_messages_py
[  0%] Built target std_msgs_generate_messages_py
[35m[1mScanning dependencies of target roscpp_generate_messages_lisp[0m
[35m[1mScanning dependencies of target practicas_generate_messages_nodejs[0m
[  0%] Built target roscpp_generate_messages_lisp
[  4%] [34m[1mGenerating Javascript code from practicas/mensajeTest.msg[0m
[  9%] [34m[1mGenerating Javascript code from practicas/tipo_servicio.srv[0m
[35m[1mScanning dependencies of target practicas_generate_messages_lisp[0m
[ 14%] [34m[1mGenerating Lisp code from practicas/mensajeTest.msg[0m
[ 14%] Built target practicas_generate_messages_nodejs
[ 19%] [34m[1mGenerating Lisp code from practicas/tipo_servicio.srv[0m
[35m[1mScanning dependencies of target practicas_generate_messages_eus[0m
[ 23%] [34m[1mGenerating EusLisp code from practicas/mensajeTest.msg[0m
[ 28%] [34m[1mGenerating EusLisp code from practicas/tipo_servicio.srv[0m
[ 28%] Built target practicas_generate_messages_lisp
[ 33%] [34m[1mGenerating EusLisp manifest code for practicas[0m
[35m[1mScanning dependencies of target practicas_generate_messages_cpp[0m
[ 38%] [34m[1mGenerating C++ code from practicas/mensajeTest.msg[0m
[ 42%] [34m[1mGenerating C++ code from practicas/tipo_servicio.srv[0m
[35m[1mScanning dependencies of target practicas_generate_messages_py[0m
[ 47%] [34m[1mGenerating Python code from SRV practicas/tipo_servicio[0m
[ 52%] [34m[1mGenerating Python from MSG practicas/mensajeTest[0m
[ 52%] Built target practicas_generate_messages_cpp
[ 57%] [34m[1mGenerating Python msg __init__.py for practicas[0m
[ 61%] [32mBuilding CXX object CMakeFiles/nodo_cliente.dir/src/nodo_cliente.cpp.o[0m
[ 66%] [34m[1mGenerating Python srv __init__.py for practicas[0m
[ 66%] Built target practicas_generate_messages_py
[35m[1mScanning dependencies of target nodo_receptor[0m
[ 71%] [32mBuilding CXX object CMakeFiles/nodo_receptor.dir/src/nodo_receptor.cpp.o[0m
[ 71%] Built target practicas_generate_messages_eus
[35m[1mScanning dependencies of target nodo_emisor[0m
[ 76%] [32mBuilding CXX object CMakeFiles/nodo_emisor.dir/src/nodo_emisor.cpp.o[0m
[ 80%] [32m[1mLinking CXX executable /home/kevin/catkin_ws/devel/.private/practicas/lib/practicas/nodo_cliente[0m
[ 80%] Built target nodo_cliente
[35m[1mScanning dependencies of target nodo_servidor[0m
[ 85%] [32mBuilding CXX object CMakeFiles/nodo_servidor.dir/src/nodo_servidor.cpp.o[0m
[ 90%] [32m[1mLinking CXX executable /home/kevin/catkin_ws/devel/.private/practicas/lib/practicas/nodo_receptor[0m
[ 95%] [32m[1mLinking CXX executable /home/kevin/catkin_ws/devel/.private/practicas/lib/practicas/nodo_emisor[0m
[ 95%] Built target nodo_receptor
[35m[1mScanning dependencies of target practicas_generate_messages[0m
[ 95%] Built target nodo_emisor
[ 95%] Built target practicas_generate_messages
[100%] [32m[1mLinking CXX executable /home/kevin/catkin_ws/devel/.private/practicas/lib/practicas/nodo_servidor[0m
[100%] Built target nodo_servidor
