[31m[1mCMake Error[0m at /home/kevin/catkin_ws/src/practicas/CMakeLists.txt:54 (add_dependencies):
  Cannot add target-level dependencies to non-existent target "nodo_emisor".

  The add_dependencies works for top-level logical targets created by the
  add_executable, add_library, or add_custom_target commands.  If you want to
  add file-level dependencies see the DEPENDS option of the add_custom_target
  and add_custom_command commands.


[31m[1mCMake Error[0m at /home/kevin/catkin_ws/src/practicas/CMakeLists.txt:55 (add_dependencies):
  Cannot add target-level dependencies to non-existent target
  "nodo_receptor".

  The add_dependencies works for top-level logical targets created by the
  add_executable, add_library, or add_custom_target commands.  If you want to
  add file-level dependencies see the DEPENDS option of the add_custom_target
  and add_custom_command commands.


[31m[1mCMake Error[0m at /home/kevin/catkin_ws/src/practicas/CMakeLists.txt:57 (add_dependencies):
  Cannot add target-level dependencies to non-existent target
  "nodo_servidor".

  The add_dependencies works for top-level logical targets created by the
  add_executable, add_library, or add_custom_target commands.  If you want to
  add file-level dependencies see the DEPENDS option of the add_custom_target
  and add_custom_command commands.


[31m[1mCMake Error[0m at /home/kevin/catkin_ws/src/practicas/CMakeLists.txt:58 (add_dependencies):
  Cannot add target-level dependencies to non-existent target "nodo_cliente".

  The add_dependencies works for top-level logical targets created by the
  add_executable, add_library, or add_custom_target commands.  If you want to
  add file-level dependencies see the DEPENDS option of the add_custom_target
  and add_custom_command commands.


make: *** [cmake_check_build_system] Error 1
