Symlinking /home/kevin/catkin_ws/devel/share/gennodejs/ros/practicas/_index.js
Symlinking /home/kevin/catkin_ws/devel/share/gennodejs/ros/practicas/msg/_index.js
Symlinking /home/kevin/catkin_ws/devel/share/gennodejs/ros/practicas/msg/mensajeTest.js
Symlinking /home/kevin/catkin_ws/devel/share/gennodejs/ros/practicas/srv/_index.js
Symlinking /home/kevin/catkin_ws/devel/share/gennodejs/ros/practicas/srv/tipo_servicio.js
Symlinking /home/kevin/catkin_ws/devel/share/common-lisp/ros/practicas/msg/practicas-msg.asd
Symlinking /home/kevin/catkin_ws/devel/share/common-lisp/ros/practicas/msg/_package_mensajeTest.lisp
Symlinking /home/kevin/catkin_ws/devel/share/common-lisp/ros/practicas/msg/mensajeTest.lisp
Symlinking /home/kevin/catkin_ws/devel/share/common-lisp/ros/practicas/msg/_package.lisp
Symlinking /home/kevin/catkin_ws/devel/share/common-lisp/ros/practicas/srv/tipo_servicio.lisp
Symlinking /home/kevin/catkin_ws/devel/share/common-lisp/ros/practicas/srv/_package_tipo_servicio.lisp
Symlinking /home/kevin/catkin_ws/devel/share/common-lisp/ros/practicas/srv/_package.lisp
Symlinking /home/kevin/catkin_ws/devel/share/common-lisp/ros/practicas/srv/practicas-srv.asd
Symlinking /home/kevin/catkin_ws/devel/share/roseus/ros/practicas/manifest.l
Symlinking /home/kevin/catkin_ws/devel/share/roseus/ros/practicas/msg/mensajeTest.l
Symlinking /home/kevin/catkin_ws/devel/share/roseus/ros/practicas/srv/tipo_servicio.l
Symlinking /home/kevin/catkin_ws/devel/share/practicas/cmake/practicas-msg-extras.cmake
Symlinking /home/kevin/catkin_ws/devel/share/practicas/cmake/practicasConfig-version.cmake
Symlinking /home/kevin/catkin_ws/devel/share/practicas/cmake/practicasConfig.cmake
Symlinking /home/kevin/catkin_ws/devel/share/practicas/cmake/practicas-msg-paths.cmake
Symlinking /home/kevin/catkin_ws/devel/lib/python2.7/dist-packages/practicas/__init__.py
Symlinking /home/kevin/catkin_ws/devel/lib/python2.7/dist-packages/practicas/msg/__init__.py
Symlinking /home/kevin/catkin_ws/devel/lib/python2.7/dist-packages/practicas/msg/_mensajeTest.py
Symlinking /home/kevin/catkin_ws/devel/lib/python2.7/dist-packages/practicas/srv/__init__.py
Symlinking /home/kevin/catkin_ws/devel/lib/python2.7/dist-packages/practicas/srv/_tipo_servicio.py
Symlinking /home/kevin/catkin_ws/devel/lib/pkgconfig/practicas.pc
Symlinking /home/kevin/catkin_ws/devel/lib/practicas/nodo_emisor
Symlinking /home/kevin/catkin_ws/devel/lib/practicas/nodo_servidor
Symlinking /home/kevin/catkin_ws/devel/lib/practicas/nodo_cliente
Symlinking /home/kevin/catkin_ws/devel/lib/practicas/nodo_receptor
Symlinking /home/kevin/catkin_ws/devel/include/practicas/tipo_servicioResponse.h
Symlinking /home/kevin/catkin_ws/devel/include/practicas/tipo_servicioRequest.h
Symlinking /home/kevin/catkin_ws/devel/include/practicas/tipo_servicio.h
Symlinking /home/kevin/catkin_ws/devel/include/practicas/mensajeTest.h
