[36m--[0m Using CATKIN_DEVEL_PREFIX: /home/kevin/catkin_ws/devel/.private/practicas
[36m--[0m Using CMAKE_PREFIX_PATH: /home/kevin/catkin_ws/devel;/opt/ros/kinetic
[36m--[0m This workspace overlays: /home/kevin/catkin_ws/devel;/opt/ros/kinetic
[36m--[0m Found PythonInterp: /usr/bin/python2 (found suitable version "2.7.12", minimum required is "2")
[36m--[0m Using PYTHON_EXECUTABLE: /usr/bin/python2
[36m--[0m Using Debian Python package layout
[36m--[0m Using empy: /usr/bin/empy
[36m--[0m Using CATKIN_ENABLE_TESTING: ON
[36m--[0m Call enable_testing()
[36m--[0m Using CATKIN_TEST_RESULTS_DIR: /home/kevin/catkin_ws/build/practicas/test_results
[36m--[0m Found gtest sources under '/usr/src/gmock': gtests will be built
[36m--[0m Found gmock sources under '/usr/src/gmock': gmock will be built
[36m--[0m Found PythonInterp: /usr/bin/python2 (found version "2.7.12")
[36m--[0m Using Python nosetests: /usr/bin/nosetests-2.7
[36m--[0m catkin 0.7.29
[36m--[0m BUILD_SHARED_LIBS is on
[36m--[0m Using these message generators: gencpp;geneus;genlisp;gennodejs;genpy
[36m--[0m practicas: 1 messages, 1 services
[31m[1mCMake Error[0m at /home/kevin/catkin_ws/src/practicas/CMakeLists.txt:54 (add_dependencies):
  Cannot add target-level dependencies to non-existent target "nodo_emisor".

  The add_dependencies works for top-level logical targets created by the
  add_executable, add_library, or add_custom_target commands.  If you want to
  add file-level dependencies see the DEPENDS option of the add_custom_target
  and add_custom_command commands.


[31m[1mCMake Error[0m at /home/kevin/catkin_ws/src/practicas/CMakeLists.txt:55 (add_dependencies):
  Cannot add target-level dependencies to non-existent target
  "nodo_receptor".

  The add_dependencies works for top-level logical targets created by the
  add_executable, add_library, or add_custom_target commands.  If you want to
  add file-level dependencies see the DEPENDS option of the add_custom_target
  and add_custom_command commands.


[31m[1mCMake Error[0m at /home/kevin/catkin_ws/src/practicas/CMakeLists.txt:57 (add_dependencies):
  Cannot add target-level dependencies to non-existent target
  "nodo_servidor".

  The add_dependencies works for top-level logical targets created by the
  add_executable, add_library, or add_custom_target commands.  If you want to
  add file-level dependencies see the DEPENDS option of the add_custom_target
  and add_custom_command commands.


[31m[1mCMake Error[0m at /home/kevin/catkin_ws/src/practicas/CMakeLists.txt:58 (add_dependencies):
  Cannot add target-level dependencies to non-existent target "nodo_cliente".

  The add_dependencies works for top-level logical targets created by the
  add_executable, add_library, or add_custom_target commands.  If you want to
  add file-level dependencies see the DEPENDS option of the add_custom_target
  and add_custom_command commands.


[36m--[0m Configuring incomplete, errors occurred!
See also "/home/kevin/catkin_ws/build/practicas/CMakeFiles/CMakeOutput.log".
See also "/home/kevin/catkin_ws/build/practicas/CMakeFiles/CMakeError.log".
Makefile:886: fallo en las instrucciones para el objetivo 'cmake_check_build_system'
make: *** [cmake_check_build_system] Error 1
