[36m--[0m Using CATKIN_DEVEL_PREFIX: /home/kevin/catkin_ws/devel/.private/repetidor
[36m--[0m Using CMAKE_PREFIX_PATH: /home/kevin/catkin_ws/devel;/opt/ros/kinetic
[36m--[0m This workspace overlays: /home/kevin/catkin_ws/devel;/opt/ros/kinetic
[36m--[0m Found PythonInterp: /usr/bin/python2 (found suitable version "2.7.12", minimum required is "2")
[36m--[0m Using PYTHON_EXECUTABLE: /usr/bin/python2
[36m--[0m Using Debian Python package layout
[36m--[0m Using empy: /usr/bin/empy
[36m--[0m Using CATKIN_ENABLE_TESTING: ON
[36m--[0m Call enable_testing()
[36m--[0m Using CATKIN_TEST_RESULTS_DIR: /home/kevin/catkin_ws/build/repetidor/test_results
[36m--[0m Found gtest sources under '/usr/src/gmock': gtests will be built
[36m--[0m Found gmock sources under '/usr/src/gmock': gmock will be built
[36m--[0m Found PythonInterp: /usr/bin/python2 (found version "2.7.12")
[36m--[0m Using Python nosetests: /usr/bin/nosetests-2.7
[36m--[0m catkin 0.7.29
[36m--[0m BUILD_SHARED_LIBS is on
[36m--[0m Using these message generators: gencpp;geneus;genlisp;gennodejs;genpy
[31m[1mCMake Error[0m at /opt/ros/kinetic/share/genmsg/cmake/genmsg-extras.cmake:271 (message):
  Could not find
  'share/message_generation/cmake/message_generation-msg-paths.cmake'
  (searched in
  '/home/kevin/catkin_ws/devel/.private/repetidor;/home/kevin/catkin_ws/devel;/opt/ros/kinetic').
[36mCall Stack (most recent call first):[0m
  CMakeLists.txt:72 (generate_messages)


[36m--[0m Configuring incomplete, errors occurred!
See also "/home/kevin/catkin_ws/build/repetidor/CMakeFiles/CMakeOutput.log".
See also "/home/kevin/catkin_ws/build/repetidor/CMakeFiles/CMakeError.log".
Makefile:388: fallo en las instrucciones para el objetivo 'cmake_check_build_system'
make: *** [cmake_check_build_system] Error 1
