Determining if the pthread_create exist failed with the following output:
Change Dir: /home/kevin/catkin_ws/build/repetidor/CMakeFiles/CMakeTmp

Run Build Command:"/usr/bin/make" "cmTC_64361/fast"
/usr/bin/make -f CMakeFiles/cmTC_64361.dir/build.make CMakeFiles/cmTC_64361.dir/build
make[1]: se entra en el directorio '/home/kevin/catkin_ws/build/repetidor/CMakeFiles/CMakeTmp'
Building C object CMakeFiles/cmTC_64361.dir/CheckSymbolExists.c.o
/usr/bin/cc     -o CMakeFiles/cmTC_64361.dir/CheckSymbolExists.c.o   -c /home/kevin/catkin_ws/build/repetidor/CMakeFiles/CMakeTmp/CheckSymbolExists.c
Linking C executable cmTC_64361
/usr/bin/cmake -E cmake_link_script CMakeFiles/cmTC_64361.dir/link.txt --verbose=1
/usr/bin/cc       CMakeFiles/cmTC_64361.dir/CheckSymbolExists.c.o  -o cmTC_64361 -rdynamic 
CMakeFiles/cmTC_64361.dir/CheckSymbolExists.c.o: En la función `main':
CheckSymbolExists.c:(.text+0x16): referencia a `pthread_create' sin definir
collect2: error: ld returned 1 exit status
CMakeFiles/cmTC_64361.dir/build.make:97: fallo en las instrucciones para el objetivo 'cmTC_64361'
make[1]: *** [cmTC_64361] Error 1
make[1]: se sale del directorio '/home/kevin/catkin_ws/build/repetidor/CMakeFiles/CMakeTmp'
Makefile:126: fallo en las instrucciones para el objetivo 'cmTC_64361/fast'
make: *** [cmTC_64361/fast] Error 2

File /home/kevin/catkin_ws/build/repetidor/CMakeFiles/CMakeTmp/CheckSymbolExists.c:
/* */
#include <pthread.h>

int main(int argc, char** argv)
{
  (void)argv;
#ifndef pthread_create
  return ((int*)(&pthread_create))[argc];
#else
  (void)argc;
  return 0;
#endif
}

Determining if the function pthread_create exists in the pthreads failed with the following output:
Change Dir: /home/kevin/catkin_ws/build/repetidor/CMakeFiles/CMakeTmp

Run Build Command:"/usr/bin/make" "cmTC_b1836/fast"
/usr/bin/make -f CMakeFiles/cmTC_b1836.dir/build.make CMakeFiles/cmTC_b1836.dir/build
make[1]: se entra en el directorio '/home/kevin/catkin_ws/build/repetidor/CMakeFiles/CMakeTmp'
Building C object CMakeFiles/cmTC_b1836.dir/CheckFunctionExists.c.o
/usr/bin/cc    -DCHECK_FUNCTION_EXISTS=pthread_create   -o CMakeFiles/cmTC_b1836.dir/CheckFunctionExists.c.o   -c /usr/share/cmake-3.5/Modules/CheckFunctionExists.c
Linking C executable cmTC_b1836
/usr/bin/cmake -E cmake_link_script CMakeFiles/cmTC_b1836.dir/link.txt --verbose=1
/usr/bin/cc   -DCHECK_FUNCTION_EXISTS=pthread_create    CMakeFiles/cmTC_b1836.dir/CheckFunctionExists.c.o  -o cmTC_b1836 -rdynamic -lpthreads 
/usr/bin/ld: no se puede encontrar -lpthreads
collect2: error: ld returned 1 exit status
CMakeFiles/cmTC_b1836.dir/build.make:97: fallo en las instrucciones para el objetivo 'cmTC_b1836'
make[1]: *** [cmTC_b1836] Error 1
make[1]: se sale del directorio '/home/kevin/catkin_ws/build/repetidor/CMakeFiles/CMakeTmp'
Makefile:126: fallo en las instrucciones para el objetivo 'cmTC_b1836/fast'
make: *** [cmTC_b1836/fast] Error 2


