[01m[K/home/kevin/catkin_ws/src/ros-i2cpwmboard/src/i2cpwm_controller.cpp:[m[K In function ‘[01m[Kvoid _set_pwm_frequency(int)[m[K’:
[01m[K/home/kevin/catkin_ws/src/ros-i2cpwmboard/src/i2cpwm_controller.cpp:422:71:[m[K [01;31m[Kerror: [m[K‘[01m[Ki2c_smbus_read_byte_data[m[K’ was not declared in this scope
     oldmode = i2c_smbus_read_byte_data (_controller_io_handle, __MODE1);
[01;32m[K                                                                       ^[m[K
[01m[K/home/kevin/catkin_ws/src/ros-i2cpwmboard/src/i2cpwm_controller.cpp:425:79:[m[K [01;31m[Kerror: [m[K‘[01m[Ki2c_smbus_write_byte_data[m[K’ was not declared in this scope
     if (0 > i2c_smbus_write_byte_data (_controller_io_handle, __MODE1, newmode)) // go to sleep
[01;32m[K                                                                               ^[m[K
[01m[K/home/kevin/catkin_ws/src/ros-i2cpwmboard/src/i2cpwm_controller.cpp:428:97:[m[K [01;31m[Kerror: [m[K‘[01m[Ki2c_smbus_write_byte_data[m[K’ was not declared in this scope
     if (0 >  i2c_smbus_write_byte_data(_controller_io_handle, __PRESCALE, (int)(floor(prescale))))
[01;32m[K                                                                                                 ^[m[K
[01m[K/home/kevin/catkin_ws/src/ros-i2cpwmboard/src/i2cpwm_controller.cpp:431:78:[m[K [01;31m[Kerror: [m[K‘[01m[Ki2c_smbus_write_byte_data[m[K’ was not declared in this scope
     if (0 > i2c_smbus_write_byte_data(_controller_io_handle, __MODE1, oldmode))
[01;32m[K                                                                              ^[m[K
[01m[K/home/kevin/catkin_ws/src/ros-i2cpwmboard/src/i2cpwm_controller.cpp:436:85:[m[K [01;31m[Kerror: [m[K‘[01m[Ki2c_smbus_write_byte_data[m[K’ was not declared in this scope
     if (0 > i2c_smbus_write_byte_data(_controller_io_handle, __MODE1, oldmode | 0x80))
[01;32m[K                                                                                     ^[m[K
[01m[K/home/kevin/catkin_ws/src/ros-i2cpwmboard/src/i2cpwm_controller.cpp:[m[K In function ‘[01m[Kvoid _set_pwm_interval_all(int, int)[m[K’:
[01m[K/home/kevin/catkin_ws/src/ros-i2cpwmboard/src/i2cpwm_controller.cpp:459:96:[m[K [01;31m[Kerror: [m[K‘[01m[Ki2c_smbus_write_byte_data[m[K’ was not declared in this scope
     if (0 > i2c_smbus_write_byte_data (_controller_io_handle, __ALL_CHANNELS_ON_L, start & 0xFF))
[01;32m[K                                                                                                ^[m[K
[01m[K/home/kevin/catkin_ws/src/ros-i2cpwmboard/src/i2cpwm_controller.cpp:461:96:[m[K [01;31m[Kerror: [m[K‘[01m[Ki2c_smbus_write_byte_data[m[K’ was not declared in this scope
     if (0 >  i2c_smbus_write_byte_data (_controller_io_handle, __ALL_CHANNELS_ON_H, start  >> 8))
[01;32m[K                                                                                                ^[m[K
[01m[K/home/kevin/catkin_ws/src/ros-i2cpwmboard/src/i2cpwm_controller.cpp:463:95:[m[K [01;31m[Kerror: [m[K‘[01m[Ki2c_smbus_write_byte_data[m[K’ was not declared in this scope
     if (0 > i2c_smbus_write_byte_data (_controller_io_handle, __ALL_CHANNELS_OFF_L, end & 0xFF))
[01;32m[K                                                                                               ^[m[K
[01m[K/home/kevin/catkin_ws/src/ros-i2cpwmboard/src/i2cpwm_controller.cpp:465:93:[m[K [01;31m[Kerror: [m[K‘[01m[Ki2c_smbus_write_byte_data[m[K’ was not declared in this scope
     if (0 > i2c_smbus_write_byte_data (_controller_io_handle, __ALL_CHANNELS_OFF_H, end >> 8))
[01;32m[K                                                                                             ^[m[K
[01m[K/home/kevin/catkin_ws/src/ros-i2cpwmboard/src/i2cpwm_controller.cpp:[m[K In function ‘[01m[Kvoid _set_active_board(int)[m[K’:
[01m[K/home/kevin/catkin_ws/src/ros-i2cpwmboard/src/i2cpwm_controller.cpp:501:88:[m[K [01;31m[Kerror: [m[K‘[01m[Ki2c_smbus_write_byte_data[m[K’ was not declared in this scope
             if (0 > i2c_smbus_write_byte_data (_controller_io_handle, __MODE2, __OUTDRV))
[01;32m[K                                                                                        ^[m[K
[01m[K/home/kevin/catkin_ws/src/ros-i2cpwmboard/src/i2cpwm_controller.cpp:504:89:[m[K [01;31m[Kerror: [m[K‘[01m[Ki2c_smbus_write_byte_data[m[K’ was not declared in this scope
             if (0 > i2c_smbus_write_byte_data (_controller_io_handle, __MODE1, __ALLCALL))
[01;32m[K                                                                                         ^[m[K
[01m[K/home/kevin/catkin_ws/src/ros-i2cpwmboard/src/i2cpwm_controller.cpp:510:80:[m[K [01;31m[Kerror: [m[K‘[01m[Ki2c_smbus_read_byte_data[m[K’ was not declared in this scope
             mode1res = i2c_smbus_read_byte_data (_controller_io_handle, __MODE1);
[01;32m[K                                                                                ^[m[K
[01m[K/home/kevin/catkin_ws/src/ros-i2cpwmboard/src/i2cpwm_controller.cpp:513:88:[m[K [01;31m[Kerror: [m[K‘[01m[Ki2c_smbus_write_byte_data[m[K’ was not declared in this scope
             if (0 > i2c_smbus_write_byte_data (_controller_io_handle, __MODE1, mode1res))
[01;32m[K                                                                                        ^[m[K
[01m[K/home/kevin/catkin_ws/src/ros-i2cpwmboard/src/i2cpwm_controller.cpp:[m[K In function ‘[01m[Kvoid _set_pwm_interval(int, int, int)[m[K’:
[01m[K/home/kevin/catkin_ws/src/ros-i2cpwmboard/src/i2cpwm_controller.cpp:555:101:[m[K [01;31m[Kerror: [m[K‘[01m[Ki2c_smbus_write_byte_data[m[K’ was not declared in this scope
     if (0 > i2c_smbus_write_byte_data (_controller_io_handle, __CHANNEL_ON_L+4*channel, start & 0xFF))
[01;32m[K                                                                                                     ^[m[K
[01m[K/home/kevin/catkin_ws/src/ros-i2cpwmboard/src/i2cpwm_controller.cpp:557:101:[m[K [01;31m[Kerror: [m[K‘[01m[Ki2c_smbus_write_byte_data[m[K’ was not declared in this scope
     if (0 >  i2c_smbus_write_byte_data (_controller_io_handle, __CHANNEL_ON_H+4*channel, start  >> 8))
[01;32m[K                                                                                                     ^[m[K
[01m[K/home/kevin/catkin_ws/src/ros-i2cpwmboard/src/i2cpwm_controller.cpp:559:100:[m[K [01;31m[Kerror: [m[K‘[01m[Ki2c_smbus_write_byte_data[m[K’ was not declared in this scope
     if (0 > i2c_smbus_write_byte_data (_controller_io_handle, __CHANNEL_OFF_L+4*channel, end & 0xFF))
[01;32m[K                                                                                                    ^[m[K
[01m[K/home/kevin/catkin_ws/src/ros-i2cpwmboard/src/i2cpwm_controller.cpp:561:98:[m[K [01;31m[Kerror: [m[K‘[01m[Ki2c_smbus_write_byte_data[m[K’ was not declared in this scope
     if (0 > i2c_smbus_write_byte_data (_controller_io_handle, __CHANNEL_OFF_H+4*channel, end >> 8))
[01;32m[K                                                                                                  ^[m[K
make[2]: *** [CMakeFiles/i2cpwm_board.dir/src/i2cpwm_controller.cpp.o] Error 1
make[1]: *** [CMakeFiles/i2cpwm_board.dir/all] Error 2
make: *** [all] Error 2
