[35m[1mScanning dependencies of target _i2cpwm_board_generate_messages_check_deps_ServoConfigArray[0m
[  0%] Built target _i2cpwm_board_generate_messages_check_deps_ServoConfigArray
[35m[1mScanning dependencies of target _i2cpwm_board_generate_messages_check_deps_Position[0m
[35m[1mScanning dependencies of target std_msgs_generate_messages_py[0m
[  0%] Built target std_msgs_generate_messages_py
[  0%] Built target _i2cpwm_board_generate_messages_check_deps_Position
[35m[1mScanning dependencies of target _i2cpwm_board_generate_messages_check_deps_StopServos[0m
[  0%] Built target _i2cpwm_board_generate_messages_check_deps_StopServos
[35m[1mScanning dependencies of target _i2cpwm_board_generate_messages_check_deps_PositionArray[0m
[  0%] Built target _i2cpwm_board_generate_messages_check_deps_PositionArray
[35m[1mScanning dependencies of target _i2cpwm_board_generate_messages_check_deps_Servo[0m
[  0%] Built target _i2cpwm_board_generate_messages_check_deps_Servo
[35m[1mScanning dependencies of target _i2cpwm_board_generate_messages_check_deps_ServoArray[0m
[  0%] Built target _i2cpwm_board_generate_messages_check_deps_ServoArray
[35m[1mScanning dependencies of target _i2cpwm_board_generate_messages_check_deps_ServosConfig[0m
[  0%] Built target _i2cpwm_board_generate_messages_check_deps_ServosConfig
[35m[1mScanning dependencies of target _i2cpwm_board_generate_messages_check_deps_ServoConfig[0m
[  0%] Built target _i2cpwm_board_generate_messages_check_deps_ServoConfig
[35m[1mScanning dependencies of target _i2cpwm_board_generate_messages_check_deps_DriveMode[0m
[  0%] Built target _i2cpwm_board_generate_messages_check_deps_DriveMode
[35m[1mScanning dependencies of target _i2cpwm_board_generate_messages_check_deps_IntValue[0m
[  0%] Built target _i2cpwm_board_generate_messages_check_deps_IntValue
[35m[1mScanning dependencies of target std_msgs_generate_messages_cpp[0m
[  0%] Built target std_msgs_generate_messages_cpp
[35m[1mScanning dependencies of target std_msgs_generate_messages_eus[0m
[  0%] Built target std_msgs_generate_messages_eus
[35m[1mScanning dependencies of target std_msgs_generate_messages_nodejs[0m
[  0%] Built target std_msgs_generate_messages_nodejs
[35m[1mScanning dependencies of target std_msgs_generate_messages_lisp[0m
[  0%] Built target std_msgs_generate_messages_lisp
[35m[1mScanning dependencies of target i2cpwm_board_generate_messages_py[0m
[  1%] [34m[1mGenerating Python from MSG i2cpwm_board/Position[0m
[  3%] [34m[1mGenerating Python from MSG i2cpwm_board/ServoArray[0m
[  5%] [34m[1mGenerating Python from MSG i2cpwm_board/ServoConfig[0m
[  7%] [34m[1mGenerating Python from MSG i2cpwm_board/Servo[0m
[  9%] [34m[1mGenerating Python from MSG i2cpwm_board/PositionArray[0m
[ 10%] [34m[1mGenerating Python from MSG i2cpwm_board/ServoConfigArray[0m
[ 12%] [34m[1mGenerating Python code from SRV i2cpwm_board/StopServos[0m
[ 14%] [34m[1mGenerating Python code from SRV i2cpwm_board/ServosConfig[0m
[ 16%] [34m[1mGenerating Python code from SRV i2cpwm_board/IntValue[0m
[35m[1mScanning dependencies of target i2cpwm_board_generate_messages_cpp[0m
[ 18%] [34m[1mGenerating C++ code from i2cpwm_board/Position.msg[0m
[ 20%] [34m[1mGenerating Python code from SRV i2cpwm_board/DriveMode[0m
[ 21%] [34m[1mGenerating Python msg __init__.py for i2cpwm_board[0m
[ 23%] [34m[1mGenerating C++ code from i2cpwm_board/ServoArray.msg[0m
[ 25%] [34m[1mGenerating Python srv __init__.py for i2cpwm_board[0m
[ 27%] [34m[1mGenerating C++ code from i2cpwm_board/ServoConfig.msg[0m
[ 29%] [34m[1mGenerating C++ code from i2cpwm_board/Servo.msg[0m
[ 29%] Built target i2cpwm_board_generate_messages_py
[35m[1mScanning dependencies of target i2cpwm_board_generate_messages_eus[0m
[ 30%] [34m[1mGenerating EusLisp code from i2cpwm_board/Position.msg[0m
[ 32%] [34m[1mGenerating EusLisp code from i2cpwm_board/ServoArray.msg[0m
[ 34%] [34m[1mGenerating C++ code from i2cpwm_board/PositionArray.msg[0m
[ 36%] [34m[1mGenerating C++ code from i2cpwm_board/ServoConfigArray.msg[0m
[ 38%] [34m[1mGenerating EusLisp code from i2cpwm_board/ServoConfig.msg[0m
[ 40%] [34m[1mGenerating EusLisp code from i2cpwm_board/Servo.msg[0m
[ 41%] [34m[1mGenerating C++ code from i2cpwm_board/StopServos.srv[0m
[ 43%] [34m[1mGenerating EusLisp code from i2cpwm_board/PositionArray.msg[0m
[ 45%] [34m[1mGenerating C++ code from i2cpwm_board/ServosConfig.srv[0m
[ 47%] [34m[1mGenerating EusLisp code from i2cpwm_board/ServoConfigArray.msg[0m
[ 49%] [34m[1mGenerating EusLisp code from i2cpwm_board/StopServos.srv[0m
[ 50%] [34m[1mGenerating EusLisp code from i2cpwm_board/ServosConfig.srv[0m
[ 52%] [34m[1mGenerating EusLisp code from i2cpwm_board/IntValue.srv[0m
[ 54%] [34m[1mGenerating C++ code from i2cpwm_board/IntValue.srv[0m
[ 56%] [34m[1mGenerating C++ code from i2cpwm_board/DriveMode.srv[0m
[ 58%] [34m[1mGenerating EusLisp code from i2cpwm_board/DriveMode.srv[0m
[ 60%] [34m[1mGenerating EusLisp manifest code for i2cpwm_board[0m
[35m[1mScanning dependencies of target i2cpwm_board_generate_messages_nodejs[0m
[ 61%] [34m[1mGenerating Javascript code from i2cpwm_board/Position.msg[0m
[ 61%] Built target i2cpwm_board_generate_messages_cpp
[ 63%] [34m[1mGenerating Javascript code from i2cpwm_board/ServoArray.msg[0m
[35m[1mScanning dependencies of target i2cpwm_board_generate_messages_lisp[0m
[ 65%] [34m[1mGenerating Lisp code from i2cpwm_board/Position.msg[0m
[ 67%] [34m[1mGenerating Javascript code from i2cpwm_board/ServoConfig.msg[0m
[ 69%] [34m[1mGenerating Lisp code from i2cpwm_board/ServoArray.msg[0m
[ 70%] [34m[1mGenerating Lisp code from i2cpwm_board/ServoConfig.msg[0m
[ 72%] [34m[1mGenerating Javascript code from i2cpwm_board/Servo.msg[0m
[ 74%] [34m[1mGenerating Lisp code from i2cpwm_board/Servo.msg[0m
[ 76%] [34m[1mGenerating Javascript code from i2cpwm_board/PositionArray.msg[0m
[ 78%] [34m[1mGenerating Lisp code from i2cpwm_board/PositionArray.msg[0m
[ 80%] [34m[1mGenerating Javascript code from i2cpwm_board/ServoConfigArray.msg[0m
[ 81%] [34m[1mGenerating Lisp code from i2cpwm_board/ServoConfigArray.msg[0m
[ 83%] [34m[1mGenerating Javascript code from i2cpwm_board/StopServos.srv[0m
[ 85%] [34m[1mGenerating Lisp code from i2cpwm_board/StopServos.srv[0m
[ 87%] [34m[1mGenerating Javascript code from i2cpwm_board/ServosConfig.srv[0m
[ 89%] [34m[1mGenerating Lisp code from i2cpwm_board/ServosConfig.srv[0m
[ 90%] [34m[1mGenerating Javascript code from i2cpwm_board/IntValue.srv[0m
[ 92%] [34m[1mGenerating Lisp code from i2cpwm_board/IntValue.srv[0m
[ 94%] [34m[1mGenerating Javascript code from i2cpwm_board/DriveMode.srv[0m
[ 96%] [34m[1mGenerating Lisp code from i2cpwm_board/DriveMode.srv[0m
[ 96%] Built target i2cpwm_board_generate_messages_nodejs
[35m[1mScanning dependencies of target i2cpwm_board[0m
[ 98%] [32mBuilding CXX object CMakeFiles/i2cpwm_board.dir/src/i2cpwm_controller.cpp.o[0m
[ 98%] Built target i2cpwm_board_generate_messages_lisp
[ 98%] Built target i2cpwm_board_generate_messages_eus
[35m[1mScanning dependencies of target i2cpwm_board_generate_messages[0m
[ 98%] Built target i2cpwm_board_generate_messages
[01m[K/home/kevin/catkin_ws/src/ros-i2cpwmboard/src/i2cpwm_controller.cpp:[m[K In function ‘[01m[Kvoid _set_pwm_frequency(int)[m[K’:
[01m[K/home/kevin/catkin_ws/src/ros-i2cpwmboard/src/i2cpwm_controller.cpp:422:71:[m[K [01;31m[Kerror: [m[K‘[01m[Ki2c_smbus_read_byte_data[m[K’ was not declared in this scope
     oldmode = i2c_smbus_read_byte_data (_controller_io_handle, __MODE1);
[01;32m[K                                                                       ^[m[K
[01m[K/home/kevin/catkin_ws/src/ros-i2cpwmboard/src/i2cpwm_controller.cpp:425:79:[m[K [01;31m[Kerror: [m[K‘[01m[Ki2c_smbus_write_byte_data[m[K’ was not declared in this scope
     if (0 > i2c_smbus_write_byte_data (_controller_io_handle, __MODE1, newmode)) // go to sleep
[01;32m[K                                                                               ^[m[K
[01m[K/home/kevin/catkin_ws/src/ros-i2cpwmboard/src/i2cpwm_controller.cpp:428:97:[m[K [01;31m[Kerror: [m[K‘[01m[Ki2c_smbus_write_byte_data[m[K’ was not declared in this scope
     if (0 >  i2c_smbus_write_byte_data(_controller_io_handle, __PRESCALE, (int)(floor(prescale))))
[01;32m[K                                                                                                 ^[m[K
[01m[K/home/kevin/catkin_ws/src/ros-i2cpwmboard/src/i2cpwm_controller.cpp:431:78:[m[K [01;31m[Kerror: [m[K‘[01m[Ki2c_smbus_write_byte_data[m[K’ was not declared in this scope
     if (0 > i2c_smbus_write_byte_data(_controller_io_handle, __MODE1, oldmode))
[01;32m[K                                                                              ^[m[K
[01m[K/home/kevin/catkin_ws/src/ros-i2cpwmboard/src/i2cpwm_controller.cpp:436:85:[m[K [01;31m[Kerror: [m[K‘[01m[Ki2c_smbus_write_byte_data[m[K’ was not declared in this scope
     if (0 > i2c_smbus_write_byte_data(_controller_io_handle, __MODE1, oldmode | 0x80))
[01;32m[K                                                                                     ^[m[K
[01m[K/home/kevin/catkin_ws/src/ros-i2cpwmboard/src/i2cpwm_controller.cpp:[m[K In function ‘[01m[Kvoid _set_pwm_interval_all(int, int)[m[K’:
[01m[K/home/kevin/catkin_ws/src/ros-i2cpwmboard/src/i2cpwm_controller.cpp:459:96:[m[K [01;31m[Kerror: [m[K‘[01m[Ki2c_smbus_write_byte_data[m[K’ was not declared in this scope
     if (0 > i2c_smbus_write_byte_data (_controller_io_handle, __ALL_CHANNELS_ON_L, start & 0xFF))
[01;32m[K                                                                                                ^[m[K
[01m[K/home/kevin/catkin_ws/src/ros-i2cpwmboard/src/i2cpwm_controller.cpp:461:96:[m[K [01;31m[Kerror: [m[K‘[01m[Ki2c_smbus_write_byte_data[m[K’ was not declared in this scope
     if (0 >  i2c_smbus_write_byte_data (_controller_io_handle, __ALL_CHANNELS_ON_H, start  >> 8))
[01;32m[K                                                                                                ^[m[K
[01m[K/home/kevin/catkin_ws/src/ros-i2cpwmboard/src/i2cpwm_controller.cpp:463:95:[m[K [01;31m[Kerror: [m[K‘[01m[Ki2c_smbus_write_byte_data[m[K’ was not declared in this scope
     if (0 > i2c_smbus_write_byte_data (_controller_io_handle, __ALL_CHANNELS_OFF_L, end & 0xFF))
[01;32m[K                                                                                               ^[m[K
[01m[K/home/kevin/catkin_ws/src/ros-i2cpwmboard/src/i2cpwm_controller.cpp:465:93:[m[K [01;31m[Kerror: [m[K‘[01m[Ki2c_smbus_write_byte_data[m[K’ was not declared in this scope
     if (0 > i2c_smbus_write_byte_data (_controller_io_handle, __ALL_CHANNELS_OFF_H, end >> 8))
[01;32m[K                                                                                             ^[m[K
[01m[K/home/kevin/catkin_ws/src/ros-i2cpwmboard/src/i2cpwm_controller.cpp:[m[K In function ‘[01m[Kvoid _set_active_board(int)[m[K’:
[01m[K/home/kevin/catkin_ws/src/ros-i2cpwmboard/src/i2cpwm_controller.cpp:501:88:[m[K [01;31m[Kerror: [m[K‘[01m[Ki2c_smbus_write_byte_data[m[K’ was not declared in this scope
             if (0 > i2c_smbus_write_byte_data (_controller_io_handle, __MODE2, __OUTDRV))
[01;32m[K                                                                                        ^[m[K
[01m[K/home/kevin/catkin_ws/src/ros-i2cpwmboard/src/i2cpwm_controller.cpp:504:89:[m[K [01;31m[Kerror: [m[K‘[01m[Ki2c_smbus_write_byte_data[m[K’ was not declared in this scope
             if (0 > i2c_smbus_write_byte_data (_controller_io_handle, __MODE1, __ALLCALL))
[01;32m[K                                                                                         ^[m[K
[01m[K/home/kevin/catkin_ws/src/ros-i2cpwmboard/src/i2cpwm_controller.cpp:510:80:[m[K [01;31m[Kerror: [m[K‘[01m[Ki2c_smbus_read_byte_data[m[K’ was not declared in this scope
             mode1res = i2c_smbus_read_byte_data (_controller_io_handle, __MODE1);
[01;32m[K                                                                                ^[m[K
[01m[K/home/kevin/catkin_ws/src/ros-i2cpwmboard/src/i2cpwm_controller.cpp:513:88:[m[K [01;31m[Kerror: [m[K‘[01m[Ki2c_smbus_write_byte_data[m[K’ was not declared in this scope
             if (0 > i2c_smbus_write_byte_data (_controller_io_handle, __MODE1, mode1res))
[01;32m[K                                                                                        ^[m[K
[01m[K/home/kevin/catkin_ws/src/ros-i2cpwmboard/src/i2cpwm_controller.cpp:[m[K In function ‘[01m[Kvoid _set_pwm_interval(int, int, int)[m[K’:
[01m[K/home/kevin/catkin_ws/src/ros-i2cpwmboard/src/i2cpwm_controller.cpp:555:101:[m[K [01;31m[Kerror: [m[K‘[01m[Ki2c_smbus_write_byte_data[m[K’ was not declared in this scope
     if (0 > i2c_smbus_write_byte_data (_controller_io_handle, __CHANNEL_ON_L+4*channel, start & 0xFF))
[01;32m[K                                                                                                     ^[m[K
[01m[K/home/kevin/catkin_ws/src/ros-i2cpwmboard/src/i2cpwm_controller.cpp:557:101:[m[K [01;31m[Kerror: [m[K‘[01m[Ki2c_smbus_write_byte_data[m[K’ was not declared in this scope
     if (0 >  i2c_smbus_write_byte_data (_controller_io_handle, __CHANNEL_ON_H+4*channel, start  >> 8))
[01;32m[K                                                                                                     ^[m[K
[01m[K/home/kevin/catkin_ws/src/ros-i2cpwmboard/src/i2cpwm_controller.cpp:559:100:[m[K [01;31m[Kerror: [m[K‘[01m[Ki2c_smbus_write_byte_data[m[K’ was not declared in this scope
     if (0 > i2c_smbus_write_byte_data (_controller_io_handle, __CHANNEL_OFF_L+4*channel, end & 0xFF))
[01;32m[K                                                                                                    ^[m[K
[01m[K/home/kevin/catkin_ws/src/ros-i2cpwmboard/src/i2cpwm_controller.cpp:561:98:[m[K [01;31m[Kerror: [m[K‘[01m[Ki2c_smbus_write_byte_data[m[K’ was not declared in this scope
     if (0 > i2c_smbus_write_byte_data (_controller_io_handle, __CHANNEL_OFF_H+4*channel, end >> 8))
[01;32m[K                                                                                                  ^[m[K
CMakeFiles/i2cpwm_board.dir/build.make:62: fallo en las instrucciones para el objetivo 'CMakeFiles/i2cpwm_board.dir/src/i2cpwm_controller.cpp.o'
make[2]: *** [CMakeFiles/i2cpwm_board.dir/src/i2cpwm_controller.cpp.o] Error 1
CMakeFiles/Makefile2:1438: fallo en las instrucciones para el objetivo 'CMakeFiles/i2cpwm_board.dir/all'
make[1]: *** [CMakeFiles/i2cpwm_board.dir/all] Error 2
Makefile:138: fallo en las instrucciones para el objetivo 'all'
make: *** [all] Error 2
