Determining if the pthread_create exist failed with the following output:
Change Dir: /home/kevin/catkin_ws/build/rviz_teleop_commander/CMakeFiles/CMakeTmp

Run Build Command:"/usr/bin/make" "cmTC_4013b/fast"
/usr/bin/make -f CMakeFiles/cmTC_4013b.dir/build.make CMakeFiles/cmTC_4013b.dir/build
make[1]: se entra en el directorio '/home/kevin/catkin_ws/build/rviz_teleop_commander/CMakeFiles/CMakeTmp'
Building C object CMakeFiles/cmTC_4013b.dir/CheckSymbolExists.c.o
/usr/bin/cc     -o CMakeFiles/cmTC_4013b.dir/CheckSymbolExists.c.o   -c /home/kevin/catkin_ws/build/rviz_teleop_commander/CMakeFiles/CMakeTmp/CheckSymbolExists.c
Linking C executable cmTC_4013b
/usr/bin/cmake -E cmake_link_script CMakeFiles/cmTC_4013b.dir/link.txt --verbose=1
/usr/bin/cc       CMakeFiles/cmTC_4013b.dir/CheckSymbolExists.c.o  -o cmTC_4013b -rdynamic 
CMakeFiles/cmTC_4013b.dir/CheckSymbolExists.c.o: En la función `main':
CheckSymbolExists.c:(.text+0x16): referencia a `pthread_create' sin definir
collect2: error: ld returned 1 exit status
CMakeFiles/cmTC_4013b.dir/build.make:97: fallo en las instrucciones para el objetivo 'cmTC_4013b'
make[1]: *** [cmTC_4013b] Error 1
make[1]: se sale del directorio '/home/kevin/catkin_ws/build/rviz_teleop_commander/CMakeFiles/CMakeTmp'
Makefile:126: fallo en las instrucciones para el objetivo 'cmTC_4013b/fast'
make: *** [cmTC_4013b/fast] Error 2

File /home/kevin/catkin_ws/build/rviz_teleop_commander/CMakeFiles/CMakeTmp/CheckSymbolExists.c:
/* */
#include <pthread.h>

int main(int argc, char** argv)
{
  (void)argv;
#ifndef pthread_create
  return ((int*)(&pthread_create))[argc];
#else
  (void)argc;
  return 0;
#endif
}

Determining if the function pthread_create exists in the pthreads failed with the following output:
Change Dir: /home/kevin/catkin_ws/build/rviz_teleop_commander/CMakeFiles/CMakeTmp

Run Build Command:"/usr/bin/make" "cmTC_62281/fast"
/usr/bin/make -f CMakeFiles/cmTC_62281.dir/build.make CMakeFiles/cmTC_62281.dir/build
make[1]: se entra en el directorio '/home/kevin/catkin_ws/build/rviz_teleop_commander/CMakeFiles/CMakeTmp'
Building C object CMakeFiles/cmTC_62281.dir/CheckFunctionExists.c.o
/usr/bin/cc    -DCHECK_FUNCTION_EXISTS=pthread_create   -o CMakeFiles/cmTC_62281.dir/CheckFunctionExists.c.o   -c /usr/share/cmake-3.5/Modules/CheckFunctionExists.c
Linking C executable cmTC_62281
/usr/bin/cmake -E cmake_link_script CMakeFiles/cmTC_62281.dir/link.txt --verbose=1
/usr/bin/cc   -DCHECK_FUNCTION_EXISTS=pthread_create    CMakeFiles/cmTC_62281.dir/CheckFunctionExists.c.o  -o cmTC_62281 -rdynamic -lpthreads 
/usr/bin/ld: no se puede encontrar -lpthreads
collect2: error: ld returned 1 exit status
CMakeFiles/cmTC_62281.dir/build.make:97: fallo en las instrucciones para el objetivo 'cmTC_62281'
make[1]: *** [cmTC_62281] Error 1
make[1]: se sale del directorio '/home/kevin/catkin_ws/build/rviz_teleop_commander/CMakeFiles/CMakeTmp'
Makefile:126: fallo en las instrucciones para el objetivo 'cmTC_62281/fast'
make: *** [cmTC_62281/fast] Error 2


