Linked: (/home/kevin/catkin_ws/devel/.private/beginner_tutorials/share/gennodejs/ros/beginner_tutorials/_index.js, /home/kevin/catkin_ws/devel/share/gennodejs/ros/beginner_tutorials/_index.js)
Linked: (/home/kevin/catkin_ws/devel/.private/beginner_tutorials/share/gennodejs/ros/beginner_tutorials/msg/_index.js, /home/kevin/catkin_ws/devel/share/gennodejs/ros/beginner_tutorials/msg/_index.js)
Linked: (/home/kevin/catkin_ws/devel/.private/beginner_tutorials/share/gennodejs/ros/beginner_tutorials/msg/mensaje.js, /home/kevin/catkin_ws/devel/share/gennodejs/ros/beginner_tutorials/msg/mensaje.js)
Linked: (/home/kevin/catkin_ws/devel/.private/beginner_tutorials/share/gennodejs/ros/beginner_tutorials/srv/_index.js, /home/kevin/catkin_ws/devel/share/gennodejs/ros/beginner_tutorials/srv/_index.js)
Linked: (/home/kevin/catkin_ws/devel/.private/beginner_tutorials/share/gennodejs/ros/beginner_tutorials/srv/tipo_servicio.js, /home/kevin/catkin_ws/devel/share/gennodejs/ros/beginner_tutorials/srv/tipo_servicio.js)
Linked: (/home/kevin/catkin_ws/devel/.private/beginner_tutorials/share/common-lisp/ros/beginner_tutorials/msg/_package.lisp, /home/kevin/catkin_ws/devel/share/common-lisp/ros/beginner_tutorials/msg/_package.lisp)
Linked: (/home/kevin/catkin_ws/devel/.private/beginner_tutorials/share/common-lisp/ros/beginner_tutorials/msg/_package_mensaje.lisp, /home/kevin/catkin_ws/devel/share/common-lisp/ros/beginner_tutorials/msg/_package_mensaje.lisp)
Linked: (/home/kevin/catkin_ws/devel/.private/beginner_tutorials/share/common-lisp/ros/beginner_tutorials/msg/mensaje.lisp, /home/kevin/catkin_ws/devel/share/common-lisp/ros/beginner_tutorials/msg/mensaje.lisp)
Linked: (/home/kevin/catkin_ws/devel/.private/beginner_tutorials/share/common-lisp/ros/beginner_tutorials/msg/beginner_tutorials-msg.asd, /home/kevin/catkin_ws/devel/share/common-lisp/ros/beginner_tutorials/msg/beginner_tutorials-msg.asd)
Linked: (/home/kevin/catkin_ws/devel/.private/beginner_tutorials/share/common-lisp/ros/beginner_tutorials/srv/beginner_tutorials-srv.asd, /home/kevin/catkin_ws/devel/share/common-lisp/ros/beginner_tutorials/srv/beginner_tutorials-srv.asd)
Linked: (/home/kevin/catkin_ws/devel/.private/beginner_tutorials/share/common-lisp/ros/beginner_tutorials/srv/tipo_servicio.lisp, /home/kevin/catkin_ws/devel/share/common-lisp/ros/beginner_tutorials/srv/tipo_servicio.lisp)
Linked: (/home/kevin/catkin_ws/devel/.private/beginner_tutorials/share/common-lisp/ros/beginner_tutorials/srv/_package_tipo_servicio.lisp, /home/kevin/catkin_ws/devel/share/common-lisp/ros/beginner_tutorials/srv/_package_tipo_servicio.lisp)
Linked: (/home/kevin/catkin_ws/devel/.private/beginner_tutorials/share/common-lisp/ros/beginner_tutorials/srv/_package.lisp, /home/kevin/catkin_ws/devel/share/common-lisp/ros/beginner_tutorials/srv/_package.lisp)
Linked: (/home/kevin/catkin_ws/devel/.private/beginner_tutorials/share/roseus/ros/beginner_tutorials/manifest.l, /home/kevin/catkin_ws/devel/share/roseus/ros/beginner_tutorials/manifest.l)
Linked: (/home/kevin/catkin_ws/devel/.private/beginner_tutorials/share/roseus/ros/beginner_tutorials/msg/mensaje.l, /home/kevin/catkin_ws/devel/share/roseus/ros/beginner_tutorials/msg/mensaje.l)
Linked: (/home/kevin/catkin_ws/devel/.private/beginner_tutorials/share/roseus/ros/beginner_tutorials/srv/tipo_servicio.l, /home/kevin/catkin_ws/devel/share/roseus/ros/beginner_tutorials/srv/tipo_servicio.l)
Linked: (/home/kevin/catkin_ws/devel/.private/beginner_tutorials/share/beginner_tutorials/cmake/beginner_tutorials-msg-paths.cmake, /home/kevin/catkin_ws/devel/share/beginner_tutorials/cmake/beginner_tutorials-msg-paths.cmake)
Linked: (/home/kevin/catkin_ws/devel/.private/beginner_tutorials/lib/python2.7/dist-packages/beginner_tutorials/__init__.py, /home/kevin/catkin_ws/devel/lib/python2.7/dist-packages/beginner_tutorials/__init__.py)
Linked: (/home/kevin/catkin_ws/devel/.private/beginner_tutorials/lib/python2.7/dist-packages/beginner_tutorials/msg/_mensaje.py, /home/kevin/catkin_ws/devel/lib/python2.7/dist-packages/beginner_tutorials/msg/_mensaje.py)
Linked: (/home/kevin/catkin_ws/devel/.private/beginner_tutorials/lib/python2.7/dist-packages/beginner_tutorials/msg/__init__.py, /home/kevin/catkin_ws/devel/lib/python2.7/dist-packages/beginner_tutorials/msg/__init__.py)
Linked: (/home/kevin/catkin_ws/devel/.private/beginner_tutorials/lib/python2.7/dist-packages/beginner_tutorials/srv/__init__.py, /home/kevin/catkin_ws/devel/lib/python2.7/dist-packages/beginner_tutorials/srv/__init__.py)
Linked: (/home/kevin/catkin_ws/devel/.private/beginner_tutorials/lib/python2.7/dist-packages/beginner_tutorials/srv/_tipo_servicio.py, /home/kevin/catkin_ws/devel/lib/python2.7/dist-packages/beginner_tutorials/srv/_tipo_servicio.py)
Linked: (/home/kevin/catkin_ws/devel/.private/beginner_tutorials/lib/beginner_tutorials/nodo_emisor, /home/kevin/catkin_ws/devel/lib/beginner_tutorials/nodo_emisor)
Linked: (/home/kevin/catkin_ws/devel/.private/beginner_tutorials/lib/beginner_tutorials/nodo_servidor, /home/kevin/catkin_ws/devel/lib/beginner_tutorials/nodo_servidor)
Linked: (/home/kevin/catkin_ws/devel/.private/beginner_tutorials/lib/beginner_tutorials/nodo_cliente, /home/kevin/catkin_ws/devel/lib/beginner_tutorials/nodo_cliente)
Linked: (/home/kevin/catkin_ws/devel/.private/beginner_tutorials/lib/beginner_tutorials/nodo_receptor, /home/kevin/catkin_ws/devel/lib/beginner_tutorials/nodo_receptor)
Linked: (/home/kevin/catkin_ws/devel/.private/beginner_tutorials/include/beginner_tutorials/tipo_servicioResponse.h, /home/kevin/catkin_ws/devel/include/beginner_tutorials/tipo_servicioResponse.h)
Linked: (/home/kevin/catkin_ws/devel/.private/beginner_tutorials/include/beginner_tutorials/tipo_servicioRequest.h, /home/kevin/catkin_ws/devel/include/beginner_tutorials/tipo_servicioRequest.h)
Linked: (/home/kevin/catkin_ws/devel/.private/beginner_tutorials/include/beginner_tutorials/tipo_servicio.h, /home/kevin/catkin_ws/devel/include/beginner_tutorials/tipo_servicio.h)
Linked: (/home/kevin/catkin_ws/devel/.private/beginner_tutorials/include/beginner_tutorials/mensaje.h, /home/kevin/catkin_ws/devel/include/beginner_tutorials/mensaje.h)
