[  0%] Built target _beginner_tutorials_generate_messages_check_deps_tipo_servicio
[  0%] Built target std_msgs_generate_messages_cpp
[  0%] Built target _beginner_tutorials_generate_messages_check_deps_mensaje
[  0%] Built target roscpp_generate_messages_py
[  0%] Built target rosgraph_msgs_generate_messages_eus
[  0%] Built target std_msgs_generate_messages_nodejs
[  0%] Built target roscpp_generate_messages_cpp
[  0%] Built target roscpp_generate_messages_eus
[  0%] Built target std_msgs_generate_messages_lisp
[  0%] Built target rosgraph_msgs_generate_messages_cpp
[  0%] Built target rosgraph_msgs_generate_messages_nodejs
[  0%] Built target roscpp_generate_messages_nodejs
[  0%] Built target rosgraph_msgs_generate_messages_lisp
[  0%] Built target rosgraph_msgs_generate_messages_py
[  0%] Built target std_msgs_generate_messages_py
[  0%] Built target roscpp_generate_messages_lisp
[  0%] Built target std_msgs_generate_messages_eus
[  9%] Built target beginner_tutorials_generate_messages_nodejs
[ 19%] Built target beginner_tutorials_generate_messages_lisp
[ 38%] Built target beginner_tutorials_generate_messages_py
[ 47%] Built target beginner_tutorials_generate_messages_cpp
[ 61%] Built target beginner_tutorials_generate_messages_eus
[ 71%] Built target nodo_servidor
[ 80%] Built target nodo_receptor
[ 90%] Built target nodo_emisor
[100%] Built target nodo_cliente
[100%] Built target beginner_tutorials_generate_messages
