Symlinking /home/kevin/catkin_ws/devel/share/gennodejs/ros/beginner_tutorials/_index.js
Symlinking /home/kevin/catkin_ws/devel/share/gennodejs/ros/beginner_tutorials/msg/_index.js
Symlinking /home/kevin/catkin_ws/devel/share/gennodejs/ros/beginner_tutorials/msg/mensaje.js
Symlinking /home/kevin/catkin_ws/devel/share/gennodejs/ros/beginner_tutorials/srv/_index.js
Symlinking /home/kevin/catkin_ws/devel/share/gennodejs/ros/beginner_tutorials/srv/tipo_servicio.js
Symlinking /home/kevin/catkin_ws/devel/share/common-lisp/ros/beginner_tutorials/msg/_package.lisp
Symlinking /home/kevin/catkin_ws/devel/share/common-lisp/ros/beginner_tutorials/msg/_package_mensaje.lisp
Symlinking /home/kevin/catkin_ws/devel/share/common-lisp/ros/beginner_tutorials/msg/mensaje.lisp
Symlinking /home/kevin/catkin_ws/devel/share/common-lisp/ros/beginner_tutorials/msg/beginner_tutorials-msg.asd
Symlinking /home/kevin/catkin_ws/devel/share/common-lisp/ros/beginner_tutorials/srv/beginner_tutorials-srv.asd
Symlinking /home/kevin/catkin_ws/devel/share/common-lisp/ros/beginner_tutorials/srv/tipo_servicio.lisp
Symlinking /home/kevin/catkin_ws/devel/share/common-lisp/ros/beginner_tutorials/srv/_package_tipo_servicio.lisp
Symlinking /home/kevin/catkin_ws/devel/share/common-lisp/ros/beginner_tutorials/srv/_package.lisp
Symlinking /home/kevin/catkin_ws/devel/share/roseus/ros/beginner_tutorials/manifest.l
Symlinking /home/kevin/catkin_ws/devel/share/roseus/ros/beginner_tutorials/msg/mensaje.l
Symlinking /home/kevin/catkin_ws/devel/share/roseus/ros/beginner_tutorials/srv/tipo_servicio.l
Symlinking /home/kevin/catkin_ws/devel/share/beginner_tutorials/cmake/beginner_tutorials-msg-paths.cmake
Symlinking /home/kevin/catkin_ws/devel/lib/python2.7/dist-packages/beginner_tutorials/__init__.py
Symlinking /home/kevin/catkin_ws/devel/lib/python2.7/dist-packages/beginner_tutorials/msg/_mensaje.py
Symlinking /home/kevin/catkin_ws/devel/lib/python2.7/dist-packages/beginner_tutorials/msg/__init__.py
Symlinking /home/kevin/catkin_ws/devel/lib/python2.7/dist-packages/beginner_tutorials/srv/__init__.py
Symlinking /home/kevin/catkin_ws/devel/lib/python2.7/dist-packages/beginner_tutorials/srv/_tipo_servicio.py
Symlinking /home/kevin/catkin_ws/devel/lib/beginner_tutorials/nodo_emisor
Symlinking /home/kevin/catkin_ws/devel/lib/beginner_tutorials/nodo_servidor
Symlinking /home/kevin/catkin_ws/devel/lib/beginner_tutorials/nodo_cliente
Symlinking /home/kevin/catkin_ws/devel/lib/beginner_tutorials/nodo_receptor
Symlinking /home/kevin/catkin_ws/devel/include/beginner_tutorials/tipo_servicioResponse.h
Symlinking /home/kevin/catkin_ws/devel/include/beginner_tutorials/tipo_servicioRequest.h
Symlinking /home/kevin/catkin_ws/devel/include/beginner_tutorials/tipo_servicio.h
Symlinking /home/kevin/catkin_ws/devel/include/beginner_tutorials/mensaje.h
