[  2%] Built target image_pub_sub_cpp
[  5%] Built target open_copy_cpp
[  5%] Built target std_msgs_generate_messages_lisp
[  5%] Built target std_msgs_generate_messages_eus
[  5%] Built target roscpp_generate_messages_lisp
[  8%] Built target utility_lib
[  8%] Built target rosgraph_msgs_generate_messages_py
[  8%] Built target std_msgs_generate_messages_py
[  8%] Built target rosgraph_msgs_generate_messages_lisp
[  8%] Built target roscpp_generate_messages_nodejs
[  8%] Built target rosgraph_msgs_generate_messages_nodejs
[  8%] Built target rosgraph_msgs_generate_messages_cpp
[  8%] Built target actionlib_msgs_generate_messages_eus
[  8%] Built target geometry_msgs_generate_messages_lisp
[  8%] Built target actionlib_msgs_generate_messages_py
[  8%] Built target roscpp_generate_messages_cpp
[  8%] Built target geometry_msgs_generate_messages_eus
[  8%] Built target geometry_msgs_generate_messages_nodejs
[  8%] Built target rosgraph_msgs_generate_messages_eus
[  8%] Built target roscpp_generate_messages_py
[  8%] Built target actionlib_msgs_generate_messages_lisp
[  8%] Built target actionlib_msgs_generate_messages_nodejs
[  8%] Built target actionlib_msgs_generate_messages_cpp
[  8%] Built target sensor_msgs_generate_messages_cpp
[  8%] Built target std_msgs_generate_messages_cpp
[  8%] Built target sensor_msgs_generate_messages_eus
[  8%] Built target sensor_msgs_generate_messages_nodejs
[  8%] Built target sensor_msgs_generate_messages_lisp
[  8%] Built target geometry_msgs_generate_messages_cpp
[  8%] Built target sensor_msgs_generate_messages_py
[  8%] Built target geometry_msgs_generate_messages_py
[  8%] Built target std_msgs_generate_messages_nodejs
[  8%] Built target roscpp_generate_messages_eus
[  8%] Built target _ros_essentials_cpp_generate_messages_check_deps_FibonacciGoal
[  8%] Built target _ros_essentials_cpp_generate_messages_check_deps_FibonacciActionResult
[  8%] Built target _ros_essentials_cpp_generate_messages_check_deps_FibonacciAction
[  8%] Built target _ros_essentials_cpp_generate_messages_check_deps_FibonacciResult
[  8%] Built target _ros_essentials_cpp_generate_messages_check_deps_FibonacciFeedback
[  8%] Built target _ros_essentials_cpp_generate_messages_check_deps_FibonacciActionGoal
[  8%] Built target _ros_essentials_cpp_generate_messages_check_deps_AddTwoInts
[  8%] Built target _ros_essentials_cpp_generate_messages_check_deps_IoTSensor
[ 11%] Built target read_video_cpp
[ 14%] Built target talker_node
[ 17%] Built target listener_node
[ 20%] Built target turtlesim_clean_node
[ 20%] Built target _ros_essentials_cpp_generate_messages_check_deps_FibonacciActionFeedback
[ 22%] Built target laserscan_lib
[ 48%] Built target ros_essentials_cpp_generate_messages_eus
[ 50%] Built target ros_essentials_cpp_generate_messages_cpp
[ 65%] Built target ros_essentials_cpp_generate_messages_py
[ 78%] Built target ros_essentials_cpp_generate_messages_nodejs
[ 91%] Built target ros_essentials_cpp_generate_messages_lisp
[ 94%] Built target scan_subscriber_cpp
[ 94%] Built target ros_essentials_cpp_generate_messages
[ 94%] Built target ros_essentials_cpp_gencpp
[ 97%] Built target add_two_ints_client
[100%] Built target add_two_ints_server
