Linked: (/home/kevin/catkin_ws/devel/.private/ros_essentials_cpp/share/gennodejs/ros/ros_essentials_cpp/_index.js, /home/kevin/catkin_ws/devel/share/gennodejs/ros/ros_essentials_cpp/_index.js)
Linked: (/home/kevin/catkin_ws/devel/.private/ros_essentials_cpp/share/gennodejs/ros/ros_essentials_cpp/msg/FibonacciAction.js, /home/kevin/catkin_ws/devel/share/gennodejs/ros/ros_essentials_cpp/msg/FibonacciAction.js)
Linked: (/home/kevin/catkin_ws/devel/.private/ros_essentials_cpp/share/gennodejs/ros/ros_essentials_cpp/msg/_index.js, /home/kevin/catkin_ws/devel/share/gennodejs/ros/ros_essentials_cpp/msg/_index.js)
Linked: (/home/kevin/catkin_ws/devel/.private/ros_essentials_cpp/share/gennodejs/ros/ros_essentials_cpp/msg/IoTSensor.js, /home/kevin/catkin_ws/devel/share/gennodejs/ros/ros_essentials_cpp/msg/IoTSensor.js)
Linked: (/home/kevin/catkin_ws/devel/.private/ros_essentials_cpp/share/gennodejs/ros/ros_essentials_cpp/msg/FibonacciActionResult.js, /home/kevin/catkin_ws/devel/share/gennodejs/ros/ros_essentials_cpp/msg/FibonacciActionResult.js)
Linked: (/home/kevin/catkin_ws/devel/.private/ros_essentials_cpp/share/gennodejs/ros/ros_essentials_cpp/msg/FibonacciGoal.js, /home/kevin/catkin_ws/devel/share/gennodejs/ros/ros_essentials_cpp/msg/FibonacciGoal.js)
Linked: (/home/kevin/catkin_ws/devel/.private/ros_essentials_cpp/share/gennodejs/ros/ros_essentials_cpp/msg/FibonacciResult.js, /home/kevin/catkin_ws/devel/share/gennodejs/ros/ros_essentials_cpp/msg/FibonacciResult.js)
Linked: (/home/kevin/catkin_ws/devel/.private/ros_essentials_cpp/share/gennodejs/ros/ros_essentials_cpp/msg/FibonacciFeedback.js, /home/kevin/catkin_ws/devel/share/gennodejs/ros/ros_essentials_cpp/msg/FibonacciFeedback.js)
Linked: (/home/kevin/catkin_ws/devel/.private/ros_essentials_cpp/share/gennodejs/ros/ros_essentials_cpp/msg/FibonacciActionGoal.js, /home/kevin/catkin_ws/devel/share/gennodejs/ros/ros_essentials_cpp/msg/FibonacciActionGoal.js)
Linked: (/home/kevin/catkin_ws/devel/.private/ros_essentials_cpp/share/gennodejs/ros/ros_essentials_cpp/msg/FibonacciActionFeedback.js, /home/kevin/catkin_ws/devel/share/gennodejs/ros/ros_essentials_cpp/msg/FibonacciActionFeedback.js)
Linked: (/home/kevin/catkin_ws/devel/.private/ros_essentials_cpp/share/gennodejs/ros/ros_essentials_cpp/srv/_index.js, /home/kevin/catkin_ws/devel/share/gennodejs/ros/ros_essentials_cpp/srv/_index.js)
Linked: (/home/kevin/catkin_ws/devel/.private/ros_essentials_cpp/share/gennodejs/ros/ros_essentials_cpp/srv/AddTwoInts.js, /home/kevin/catkin_ws/devel/share/gennodejs/ros/ros_essentials_cpp/srv/AddTwoInts.js)
Linked: (/home/kevin/catkin_ws/devel/.private/ros_essentials_cpp/share/common-lisp/ros/ros_essentials_cpp/msg/FibonacciActionFeedback.lisp, /home/kevin/catkin_ws/devel/share/common-lisp/ros/ros_essentials_cpp/msg/FibonacciActionFeedback.lisp)
Linked: (/home/kevin/catkin_ws/devel/.private/ros_essentials_cpp/share/common-lisp/ros/ros_essentials_cpp/msg/FibonacciActionGoal.lisp, /home/kevin/catkin_ws/devel/share/common-lisp/ros/ros_essentials_cpp/msg/FibonacciActionGoal.lisp)
Linked: (/home/kevin/catkin_ws/devel/.private/ros_essentials_cpp/share/common-lisp/ros/ros_essentials_cpp/msg/IoTSensor.lisp, /home/kevin/catkin_ws/devel/share/common-lisp/ros/ros_essentials_cpp/msg/IoTSensor.lisp)
Linked: (/home/kevin/catkin_ws/devel/.private/ros_essentials_cpp/share/common-lisp/ros/ros_essentials_cpp/msg/_package_FibonacciAction.lisp, /home/kevin/catkin_ws/devel/share/common-lisp/ros/ros_essentials_cpp/msg/_package_FibonacciAction.lisp)
Linked: (/home/kevin/catkin_ws/devel/.private/ros_essentials_cpp/share/common-lisp/ros/ros_essentials_cpp/msg/_package_FibonacciGoal.lisp, /home/kevin/catkin_ws/devel/share/common-lisp/ros/ros_essentials_cpp/msg/_package_FibonacciGoal.lisp)
Linked: (/home/kevin/catkin_ws/devel/.private/ros_essentials_cpp/share/common-lisp/ros/ros_essentials_cpp/msg/ros_essentials_cpp-msg.asd, /home/kevin/catkin_ws/devel/share/common-lisp/ros/ros_essentials_cpp/msg/ros_essentials_cpp-msg.asd)
Linked: (/home/kevin/catkin_ws/devel/.private/ros_essentials_cpp/share/common-lisp/ros/ros_essentials_cpp/msg/_package_FibonacciActionGoal.lisp, /home/kevin/catkin_ws/devel/share/common-lisp/ros/ros_essentials_cpp/msg/_package_FibonacciActionGoal.lisp)
Linked: (/home/kevin/catkin_ws/devel/.private/ros_essentials_cpp/share/common-lisp/ros/ros_essentials_cpp/msg/_package_FibonacciActionFeedback.lisp, /home/kevin/catkin_ws/devel/share/common-lisp/ros/ros_essentials_cpp/msg/_package_FibonacciActionFeedback.lisp)
Linked: (/home/kevin/catkin_ws/devel/.private/ros_essentials_cpp/share/common-lisp/ros/ros_essentials_cpp/msg/_package.lisp, /home/kevin/catkin_ws/devel/share/common-lisp/ros/ros_essentials_cpp/msg/_package.lisp)
Linked: (/home/kevin/catkin_ws/devel/.private/ros_essentials_cpp/share/common-lisp/ros/ros_essentials_cpp/msg/FibonacciAction.lisp, /home/kevin/catkin_ws/devel/share/common-lisp/ros/ros_essentials_cpp/msg/FibonacciAction.lisp)
Linked: (/home/kevin/catkin_ws/devel/.private/ros_essentials_cpp/share/common-lisp/ros/ros_essentials_cpp/msg/_package_IoTSensor.lisp, /home/kevin/catkin_ws/devel/share/common-lisp/ros/ros_essentials_cpp/msg/_package_IoTSensor.lisp)
Linked: (/home/kevin/catkin_ws/devel/.private/ros_essentials_cpp/share/common-lisp/ros/ros_essentials_cpp/msg/_package_FibonacciResult.lisp, /home/kevin/catkin_ws/devel/share/common-lisp/ros/ros_essentials_cpp/msg/_package_FibonacciResult.lisp)
Linked: (/home/kevin/catkin_ws/devel/.private/ros_essentials_cpp/share/common-lisp/ros/ros_essentials_cpp/msg/FibonacciFeedback.lisp, /home/kevin/catkin_ws/devel/share/common-lisp/ros/ros_essentials_cpp/msg/FibonacciFeedback.lisp)
Linked: (/home/kevin/catkin_ws/devel/.private/ros_essentials_cpp/share/common-lisp/ros/ros_essentials_cpp/msg/_package_FibonacciActionResult.lisp, /home/kevin/catkin_ws/devel/share/common-lisp/ros/ros_essentials_cpp/msg/_package_FibonacciActionResult.lisp)
Linked: (/home/kevin/catkin_ws/devel/.private/ros_essentials_cpp/share/common-lisp/ros/ros_essentials_cpp/msg/FibonacciResult.lisp, /home/kevin/catkin_ws/devel/share/common-lisp/ros/ros_essentials_cpp/msg/FibonacciResult.lisp)
Linked: (/home/kevin/catkin_ws/devel/.private/ros_essentials_cpp/share/common-lisp/ros/ros_essentials_cpp/msg/FibonacciActionResult.lisp, /home/kevin/catkin_ws/devel/share/common-lisp/ros/ros_essentials_cpp/msg/FibonacciActionResult.lisp)
Linked: (/home/kevin/catkin_ws/devel/.private/ros_essentials_cpp/share/common-lisp/ros/ros_essentials_cpp/msg/FibonacciGoal.lisp, /home/kevin/catkin_ws/devel/share/common-lisp/ros/ros_essentials_cpp/msg/FibonacciGoal.lisp)
Linked: (/home/kevin/catkin_ws/devel/.private/ros_essentials_cpp/share/common-lisp/ros/ros_essentials_cpp/msg/_package_FibonacciFeedback.lisp, /home/kevin/catkin_ws/devel/share/common-lisp/ros/ros_essentials_cpp/msg/_package_FibonacciFeedback.lisp)
Linked: (/home/kevin/catkin_ws/devel/.private/ros_essentials_cpp/share/common-lisp/ros/ros_essentials_cpp/srv/_package_AddTwoInts.lisp, /home/kevin/catkin_ws/devel/share/common-lisp/ros/ros_essentials_cpp/srv/_package_AddTwoInts.lisp)
Linked: (/home/kevin/catkin_ws/devel/.private/ros_essentials_cpp/share/common-lisp/ros/ros_essentials_cpp/srv/_package.lisp, /home/kevin/catkin_ws/devel/share/common-lisp/ros/ros_essentials_cpp/srv/_package.lisp)
Linked: (/home/kevin/catkin_ws/devel/.private/ros_essentials_cpp/share/common-lisp/ros/ros_essentials_cpp/srv/ros_essentials_cpp-srv.asd, /home/kevin/catkin_ws/devel/share/common-lisp/ros/ros_essentials_cpp/srv/ros_essentials_cpp-srv.asd)
Linked: (/home/kevin/catkin_ws/devel/.private/ros_essentials_cpp/share/common-lisp/ros/ros_essentials_cpp/srv/AddTwoInts.lisp, /home/kevin/catkin_ws/devel/share/common-lisp/ros/ros_essentials_cpp/srv/AddTwoInts.lisp)
Linked: (/home/kevin/catkin_ws/devel/.private/ros_essentials_cpp/share/roseus/ros/ros_essentials_cpp/manifest.l, /home/kevin/catkin_ws/devel/share/roseus/ros/ros_essentials_cpp/manifest.l)
Linked: (/home/kevin/catkin_ws/devel/.private/ros_essentials_cpp/share/roseus/ros/ros_essentials_cpp/msg/FibonacciFeedback.l, /home/kevin/catkin_ws/devel/share/roseus/ros/ros_essentials_cpp/msg/FibonacciFeedback.l)
Linked: (/home/kevin/catkin_ws/devel/.private/ros_essentials_cpp/share/roseus/ros/ros_essentials_cpp/msg/FibonacciResult.l, /home/kevin/catkin_ws/devel/share/roseus/ros/ros_essentials_cpp/msg/FibonacciResult.l)
Linked: (/home/kevin/catkin_ws/devel/.private/ros_essentials_cpp/share/roseus/ros/ros_essentials_cpp/msg/FibonacciGoal.l, /home/kevin/catkin_ws/devel/share/roseus/ros/ros_essentials_cpp/msg/FibonacciGoal.l)
Linked: (/home/kevin/catkin_ws/devel/.private/ros_essentials_cpp/share/roseus/ros/ros_essentials_cpp/msg/FibonacciAction.l, /home/kevin/catkin_ws/devel/share/roseus/ros/ros_essentials_cpp/msg/FibonacciAction.l)
Linked: (/home/kevin/catkin_ws/devel/.private/ros_essentials_cpp/share/roseus/ros/ros_essentials_cpp/msg/FibonacciActionResult.l, /home/kevin/catkin_ws/devel/share/roseus/ros/ros_essentials_cpp/msg/FibonacciActionResult.l)
Linked: (/home/kevin/catkin_ws/devel/.private/ros_essentials_cpp/share/roseus/ros/ros_essentials_cpp/msg/IoTSensor.l, /home/kevin/catkin_ws/devel/share/roseus/ros/ros_essentials_cpp/msg/IoTSensor.l)
Linked: (/home/kevin/catkin_ws/devel/.private/ros_essentials_cpp/share/roseus/ros/ros_essentials_cpp/msg/FibonacciActionGoal.l, /home/kevin/catkin_ws/devel/share/roseus/ros/ros_essentials_cpp/msg/FibonacciActionGoal.l)
Linked: (/home/kevin/catkin_ws/devel/.private/ros_essentials_cpp/share/roseus/ros/ros_essentials_cpp/msg/FibonacciActionFeedback.l, /home/kevin/catkin_ws/devel/share/roseus/ros/ros_essentials_cpp/msg/FibonacciActionFeedback.l)
Linked: (/home/kevin/catkin_ws/devel/.private/ros_essentials_cpp/share/roseus/ros/ros_essentials_cpp/srv/AddTwoInts.l, /home/kevin/catkin_ws/devel/share/roseus/ros/ros_essentials_cpp/srv/AddTwoInts.l)
Linked: (/home/kevin/catkin_ws/devel/.private/ros_essentials_cpp/share/ros_essentials_cpp/cmake/ros_essentials_cpp-msg-paths.cmake, /home/kevin/catkin_ws/devel/share/ros_essentials_cpp/cmake/ros_essentials_cpp-msg-paths.cmake)
Linked: (/home/kevin/catkin_ws/devel/.private/ros_essentials_cpp/share/ros_essentials_cpp/cmake/ros_essentials_cppConfig-version.cmake, /home/kevin/catkin_ws/devel/share/ros_essentials_cpp/cmake/ros_essentials_cppConfig-version.cmake)
Linked: (/home/kevin/catkin_ws/devel/.private/ros_essentials_cpp/share/ros_essentials_cpp/cmake/ros_essentials_cppConfig.cmake, /home/kevin/catkin_ws/devel/share/ros_essentials_cpp/cmake/ros_essentials_cppConfig.cmake)
Linked: (/home/kevin/catkin_ws/devel/.private/ros_essentials_cpp/share/ros_essentials_cpp/cmake/ros_essentials_cpp-msg-extras.cmake, /home/kevin/catkin_ws/devel/share/ros_essentials_cpp/cmake/ros_essentials_cpp-msg-extras.cmake)
Linked: (/home/kevin/catkin_ws/devel/.private/ros_essentials_cpp/share/ros_essentials_cpp/msg/FibonacciFeedback.msg, /home/kevin/catkin_ws/devel/share/ros_essentials_cpp/msg/FibonacciFeedback.msg)
Linked: (/home/kevin/catkin_ws/devel/.private/ros_essentials_cpp/share/ros_essentials_cpp/msg/FibonacciGoal.msg, /home/kevin/catkin_ws/devel/share/ros_essentials_cpp/msg/FibonacciGoal.msg)
Linked: (/home/kevin/catkin_ws/devel/.private/ros_essentials_cpp/share/ros_essentials_cpp/msg/FibonacciActionGoal.msg, /home/kevin/catkin_ws/devel/share/ros_essentials_cpp/msg/FibonacciActionGoal.msg)
Linked: (/home/kevin/catkin_ws/devel/.private/ros_essentials_cpp/share/ros_essentials_cpp/msg/FibonacciAction.msg, /home/kevin/catkin_ws/devel/share/ros_essentials_cpp/msg/FibonacciAction.msg)
Linked: (/home/kevin/catkin_ws/devel/.private/ros_essentials_cpp/share/ros_essentials_cpp/msg/FibonacciActionFeedback.msg, /home/kevin/catkin_ws/devel/share/ros_essentials_cpp/msg/FibonacciActionFeedback.msg)
Linked: (/home/kevin/catkin_ws/devel/.private/ros_essentials_cpp/share/ros_essentials_cpp/msg/FibonacciResult.msg, /home/kevin/catkin_ws/devel/share/ros_essentials_cpp/msg/FibonacciResult.msg)
Linked: (/home/kevin/catkin_ws/devel/.private/ros_essentials_cpp/share/ros_essentials_cpp/msg/FibonacciActionResult.msg, /home/kevin/catkin_ws/devel/share/ros_essentials_cpp/msg/FibonacciActionResult.msg)
Linked: (/home/kevin/catkin_ws/devel/.private/ros_essentials_cpp/lib/liblaserscan_lib.so, /home/kevin/catkin_ws/devel/lib/liblaserscan_lib.so)
Linked: (/home/kevin/catkin_ws/devel/.private/ros_essentials_cpp/lib/libutility_lib.so, /home/kevin/catkin_ws/devel/lib/libutility_lib.so)
Linked: (/home/kevin/catkin_ws/devel/.private/ros_essentials_cpp/lib/python2.7/dist-packages/ros_essentials_cpp/__init__.py, /home/kevin/catkin_ws/devel/lib/python2.7/dist-packages/ros_essentials_cpp/__init__.py)
Linked: (/home/kevin/catkin_ws/devel/.private/ros_essentials_cpp/lib/python2.7/dist-packages/ros_essentials_cpp/msg/_FibonacciActionGoal.py, /home/kevin/catkin_ws/devel/lib/python2.7/dist-packages/ros_essentials_cpp/msg/_FibonacciActionGoal.py)
Linked: (/home/kevin/catkin_ws/devel/.private/ros_essentials_cpp/lib/python2.7/dist-packages/ros_essentials_cpp/msg/_IoTSensor.py, /home/kevin/catkin_ws/devel/lib/python2.7/dist-packages/ros_essentials_cpp/msg/_IoTSensor.py)
Linked: (/home/kevin/catkin_ws/devel/.private/ros_essentials_cpp/lib/python2.7/dist-packages/ros_essentials_cpp/msg/_FibonacciResult.py, /home/kevin/catkin_ws/devel/lib/python2.7/dist-packages/ros_essentials_cpp/msg/_FibonacciResult.py)
Linked: (/home/kevin/catkin_ws/devel/.private/ros_essentials_cpp/lib/python2.7/dist-packages/ros_essentials_cpp/msg/__init__.py, /home/kevin/catkin_ws/devel/lib/python2.7/dist-packages/ros_essentials_cpp/msg/__init__.py)
Linked: (/home/kevin/catkin_ws/devel/.private/ros_essentials_cpp/lib/python2.7/dist-packages/ros_essentials_cpp/msg/_FibonacciGoal.py, /home/kevin/catkin_ws/devel/lib/python2.7/dist-packages/ros_essentials_cpp/msg/_FibonacciGoal.py)
Linked: (/home/kevin/catkin_ws/devel/.private/ros_essentials_cpp/lib/python2.7/dist-packages/ros_essentials_cpp/msg/_FibonacciAction.py, /home/kevin/catkin_ws/devel/lib/python2.7/dist-packages/ros_essentials_cpp/msg/_FibonacciAction.py)
Linked: (/home/kevin/catkin_ws/devel/.private/ros_essentials_cpp/lib/python2.7/dist-packages/ros_essentials_cpp/msg/_FibonacciFeedback.py, /home/kevin/catkin_ws/devel/lib/python2.7/dist-packages/ros_essentials_cpp/msg/_FibonacciFeedback.py)
Linked: (/home/kevin/catkin_ws/devel/.private/ros_essentials_cpp/lib/python2.7/dist-packages/ros_essentials_cpp/msg/_FibonacciActionFeedback.py, /home/kevin/catkin_ws/devel/lib/python2.7/dist-packages/ros_essentials_cpp/msg/_FibonacciActionFeedback.py)
Linked: (/home/kevin/catkin_ws/devel/.private/ros_essentials_cpp/lib/python2.7/dist-packages/ros_essentials_cpp/msg/_FibonacciActionResult.py, /home/kevin/catkin_ws/devel/lib/python2.7/dist-packages/ros_essentials_cpp/msg/_FibonacciActionResult.py)
Linked: (/home/kevin/catkin_ws/devel/.private/ros_essentials_cpp/lib/python2.7/dist-packages/ros_essentials_cpp/srv/_AddTwoInts.py, /home/kevin/catkin_ws/devel/lib/python2.7/dist-packages/ros_essentials_cpp/srv/_AddTwoInts.py)
Linked: (/home/kevin/catkin_ws/devel/.private/ros_essentials_cpp/lib/python2.7/dist-packages/ros_essentials_cpp/srv/__init__.py, /home/kevin/catkin_ws/devel/lib/python2.7/dist-packages/ros_essentials_cpp/srv/__init__.py)
Linked: (/home/kevin/catkin_ws/devel/.private/ros_essentials_cpp/lib/ros_essentials_cpp/open_copy_cpp, /home/kevin/catkin_ws/devel/lib/ros_essentials_cpp/open_copy_cpp)
Linked: (/home/kevin/catkin_ws/devel/.private/ros_essentials_cpp/lib/ros_essentials_cpp/scan_subscriber_cpp, /home/kevin/catkin_ws/devel/lib/ros_essentials_cpp/scan_subscriber_cpp)
Linked: (/home/kevin/catkin_ws/devel/.private/ros_essentials_cpp/lib/ros_essentials_cpp/add_two_ints_server, /home/kevin/catkin_ws/devel/lib/ros_essentials_cpp/add_two_ints_server)
Linked: (/home/kevin/catkin_ws/devel/.private/ros_essentials_cpp/lib/ros_essentials_cpp/read_video_cpp, /home/kevin/catkin_ws/devel/lib/ros_essentials_cpp/read_video_cpp)
Linked: (/home/kevin/catkin_ws/devel/.private/ros_essentials_cpp/lib/ros_essentials_cpp/listener_node, /home/kevin/catkin_ws/devel/lib/ros_essentials_cpp/listener_node)
Linked: (/home/kevin/catkin_ws/devel/.private/ros_essentials_cpp/lib/ros_essentials_cpp/image_pub_sub_cpp, /home/kevin/catkin_ws/devel/lib/ros_essentials_cpp/image_pub_sub_cpp)
Linked: (/home/kevin/catkin_ws/devel/.private/ros_essentials_cpp/lib/ros_essentials_cpp/turtlesim_clean_node, /home/kevin/catkin_ws/devel/lib/ros_essentials_cpp/turtlesim_clean_node)
Linked: (/home/kevin/catkin_ws/devel/.private/ros_essentials_cpp/lib/ros_essentials_cpp/add_two_ints_client, /home/kevin/catkin_ws/devel/lib/ros_essentials_cpp/add_two_ints_client)
Linked: (/home/kevin/catkin_ws/devel/.private/ros_essentials_cpp/lib/ros_essentials_cpp/talker_node, /home/kevin/catkin_ws/devel/lib/ros_essentials_cpp/talker_node)
Linked: (/home/kevin/catkin_ws/devel/.private/ros_essentials_cpp/lib/pkgconfig/ros_essentials_cpp.pc, /home/kevin/catkin_ws/devel/lib/pkgconfig/ros_essentials_cpp.pc)
Linked: (/home/kevin/catkin_ws/devel/.private/ros_essentials_cpp/include/ros_essentials_cpp/FibonacciActionResult.h, /home/kevin/catkin_ws/devel/include/ros_essentials_cpp/FibonacciActionResult.h)
Linked: (/home/kevin/catkin_ws/devel/.private/ros_essentials_cpp/include/ros_essentials_cpp/IoTSensor.h, /home/kevin/catkin_ws/devel/include/ros_essentials_cpp/IoTSensor.h)
Linked: (/home/kevin/catkin_ws/devel/.private/ros_essentials_cpp/include/ros_essentials_cpp/FibonacciResult.h, /home/kevin/catkin_ws/devel/include/ros_essentials_cpp/FibonacciResult.h)
Linked: (/home/kevin/catkin_ws/devel/.private/ros_essentials_cpp/include/ros_essentials_cpp/FibonacciActionGoal.h, /home/kevin/catkin_ws/devel/include/ros_essentials_cpp/FibonacciActionGoal.h)
Linked: (/home/kevin/catkin_ws/devel/.private/ros_essentials_cpp/include/ros_essentials_cpp/FibonacciGoal.h, /home/kevin/catkin_ws/devel/include/ros_essentials_cpp/FibonacciGoal.h)
Linked: (/home/kevin/catkin_ws/devel/.private/ros_essentials_cpp/include/ros_essentials_cpp/AddTwoInts.h, /home/kevin/catkin_ws/devel/include/ros_essentials_cpp/AddTwoInts.h)
Linked: (/home/kevin/catkin_ws/devel/.private/ros_essentials_cpp/include/ros_essentials_cpp/FibonacciFeedback.h, /home/kevin/catkin_ws/devel/include/ros_essentials_cpp/FibonacciFeedback.h)
Linked: (/home/kevin/catkin_ws/devel/.private/ros_essentials_cpp/include/ros_essentials_cpp/AddTwoIntsRequest.h, /home/kevin/catkin_ws/devel/include/ros_essentials_cpp/AddTwoIntsRequest.h)
Linked: (/home/kevin/catkin_ws/devel/.private/ros_essentials_cpp/include/ros_essentials_cpp/FibonacciActionFeedback.h, /home/kevin/catkin_ws/devel/include/ros_essentials_cpp/FibonacciActionFeedback.h)
Linked: (/home/kevin/catkin_ws/devel/.private/ros_essentials_cpp/include/ros_essentials_cpp/AddTwoIntsResponse.h, /home/kevin/catkin_ws/devel/include/ros_essentials_cpp/AddTwoIntsResponse.h)
Linked: (/home/kevin/catkin_ws/devel/.private/ros_essentials_cpp/include/ros_essentials_cpp/FibonacciAction.h, /home/kevin/catkin_ws/devel/include/ros_essentials_cpp/FibonacciAction.h)
