Determining if the pthread_create exist failed with the following output:
Change Dir: /home/kevin/catkin_ws/build/chats/CMakeFiles/CMakeTmp

Run Build Command:"/usr/bin/make" "cmTC_856da/fast"
/usr/bin/make -f CMakeFiles/cmTC_856da.dir/build.make CMakeFiles/cmTC_856da.dir/build
make[1]: se entra en el directorio '/home/kevin/catkin_ws/build/chats/CMakeFiles/CMakeTmp'
Building C object CMakeFiles/cmTC_856da.dir/CheckSymbolExists.c.o
/usr/bin/cc     -o CMakeFiles/cmTC_856da.dir/CheckSymbolExists.c.o   -c /home/kevin/catkin_ws/build/chats/CMakeFiles/CMakeTmp/CheckSymbolExists.c
Linking C executable cmTC_856da
/usr/bin/cmake -E cmake_link_script CMakeFiles/cmTC_856da.dir/link.txt --verbose=1
/usr/bin/cc       CMakeFiles/cmTC_856da.dir/CheckSymbolExists.c.o  -o cmTC_856da -rdynamic 
CMakeFiles/cmTC_856da.dir/CheckSymbolExists.c.o: En la función `main':
CheckSymbolExists.c:(.text+0x16): referencia a `pthread_create' sin definir
collect2: error: ld returned 1 exit status
CMakeFiles/cmTC_856da.dir/build.make:97: fallo en las instrucciones para el objetivo 'cmTC_856da'
make[1]: *** [cmTC_856da] Error 1
make[1]: se sale del directorio '/home/kevin/catkin_ws/build/chats/CMakeFiles/CMakeTmp'
Makefile:126: fallo en las instrucciones para el objetivo 'cmTC_856da/fast'
make: *** [cmTC_856da/fast] Error 2

File /home/kevin/catkin_ws/build/chats/CMakeFiles/CMakeTmp/CheckSymbolExists.c:
/* */
#include <pthread.h>

int main(int argc, char** argv)
{
  (void)argv;
#ifndef pthread_create
  return ((int*)(&pthread_create))[argc];
#else
  (void)argc;
  return 0;
#endif
}

Determining if the function pthread_create exists in the pthreads failed with the following output:
Change Dir: /home/kevin/catkin_ws/build/chats/CMakeFiles/CMakeTmp

Run Build Command:"/usr/bin/make" "cmTC_bd2ab/fast"
/usr/bin/make -f CMakeFiles/cmTC_bd2ab.dir/build.make CMakeFiles/cmTC_bd2ab.dir/build
make[1]: se entra en el directorio '/home/kevin/catkin_ws/build/chats/CMakeFiles/CMakeTmp'
Building C object CMakeFiles/cmTC_bd2ab.dir/CheckFunctionExists.c.o
/usr/bin/cc    -DCHECK_FUNCTION_EXISTS=pthread_create   -o CMakeFiles/cmTC_bd2ab.dir/CheckFunctionExists.c.o   -c /usr/share/cmake-3.5/Modules/CheckFunctionExists.c
Linking C executable cmTC_bd2ab
/usr/bin/cmake -E cmake_link_script CMakeFiles/cmTC_bd2ab.dir/link.txt --verbose=1
/usr/bin/cc   -DCHECK_FUNCTION_EXISTS=pthread_create    CMakeFiles/cmTC_bd2ab.dir/CheckFunctionExists.c.o  -o cmTC_bd2ab -rdynamic -lpthreads 
/usr/bin/ld: no se puede encontrar -lpthreads
collect2: error: ld returned 1 exit status
CMakeFiles/cmTC_bd2ab.dir/build.make:97: fallo en las instrucciones para el objetivo 'cmTC_bd2ab'
make[1]: *** [cmTC_bd2ab] Error 1
make[1]: se sale del directorio '/home/kevin/catkin_ws/build/chats/CMakeFiles/CMakeTmp'
Makefile:126: fallo en las instrucciones para el objetivo 'cmTC_bd2ab/fast'
make: *** [cmTC_bd2ab/fast] Error 2


